#
# There is insufficient memory for the Java Runtime Environment to continue.
# Native memory allocation (malloc) failed to allocate 2137888 bytes for Chunk::new
# Possible reasons:
#   The system is out of physical RAM or swap space
#   The process is running with CompressedOops enabled, and the Java Heap may be blocking the growth of the native heap
# Possible solutions:
#   Reduce memory load on the system
#   Increase physical memory or swap space
#   Check if swap backing store is full
#   Decrease Java heap size (-Xmx/-Xms)
#   Decrease number of Java threads
#   Decrease Java thread stack sizes (-Xss)
#   Set larger code cache with -XX:ReservedCodeCacheSize=
#   JVM is running with Unscaled Compressed Oops mode in which the Java heap is
#     placed in the first 4GB address space. The Java Heap base address is the
#     maximum limit for the native heap growth. Please use -XX:HeapBaseMinAddress
#     to set the Java Heap base and to place the Java Heap above 4GB virtual address.
# This output file may be truncated or incomplete.
#
#  Out of Memory Error (arena.cpp:189), pid=91940, tid=55864
#
# JRE version: OpenJDK Runtime Environment (17.0.6) (build 17.0.6+0-b2043.56-10027231)
# Java VM: OpenJDK 64-Bit Server VM (17.0.6+0-b2043.56-10027231, mixed mode, tiered, compressed oops, compressed class ptrs, g1 gc, windows-amd64)
# No core dump will be written. Minidumps are not enabled by default on client versions of Windows
#

---------------  S U M M A R Y ------------

Command Line: --add-opens=java.base/java.util=ALL-UNNAMED --add-opens=java.base/java.lang=ALL-UNNAMED --add-opens=java.base/java.lang.invoke=ALL-UNNAMED --add-opens=java.prefs/java.util.prefs=ALL-UNNAMED --add-opens=java.base/java.nio.charset=ALL-UNNAMED --add-opens=java.base/java.net=ALL-UNNAMED --add-opens=java.base/java.util.concurrent.atomic=ALL-UNNAMED -Xmx2048m -Dfile.encoding=windows-1252 -Duser.country=US -Duser.language=en -Duser.variant org.gradle.launcher.daemon.bootstrap.GradleDaemon 8.0

Host: AMD Ryzen 7 3700U with Radeon Vega Mobile Gfx  , 8 cores, 13G,  Windows 10 , 64 bit Build 19041 (10.0.19041.3393)
Time: Mon Nov 13 18:25:33 2023 Eastern Standard Time elapsed time: 12.100545 seconds (0d 0h 0m 12s)

---------------  T H R E A D  ---------------

Current thread (0x000001be8b959630):  JavaThread "C2 CompilerThread0" daemon [_thread_in_native, id=55864, stack(0x00000056f6f00000,0x00000056f7000000)]


Current CompileTask:
C2:  12100 7650       4       com.sun.beans.TypeResolver::resolve (37 bytes)

Stack: [0x00000056f6f00000,0x00000056f7000000]
Native frames: (J=compiled Java code, j=interpreted, Vv=VM code, C=native code)
V  [jvm.dll+0x683c9a]
V  [jvm.dll+0x8427a4]
V  [jvm.dll+0x843f9e]
V  [jvm.dll+0x844603]
V  [jvm.dll+0x249b75]
V  [jvm.dll+0xabcac]
V  [jvm.dll+0xac27c]
V  [jvm.dll+0x368857]
V  [jvm.dll+0x1bced2]
V  [jvm.dll+0x21c359]
V  [jvm.dll+0x21b621]
V  [jvm.dll+0x1a4fdd]
V  [jvm.dll+0x22b098]
V  [jvm.dll+0x229159]
V  [jvm.dll+0x7f81ec]
V  [jvm.dll+0x7f274a]
V  [jvm.dll+0x682ad5]
C  [ucrtbase.dll+0x21bb2]
C  [KERNEL32.DLL+0x17344]
C  [ntdll.dll+0x526b1]


---------------  P R O C E S S  ---------------

Threads class SMR info:
_java_thread_list=0x000001beb2d51640, length=126, elements={
0x000001be8dd71e70, 0x000001bea845bba0, 0x000001bea845ce60, 0x000001bea84c93d0,
0x000001bea84bd010, 0x000001bea84bd8d0, 0x000001bea84bec60, 0x000001be8b959630,
0x000001be8b95c3c0, 0x000001bea84df490, 0x000001bea8673010, 0x000001bea8677f10,
0x000001beab873c70, 0x000001beab4a1150, 0x000001beabcc4020, 0x000001beabbc9920,
0x000001beab247940, 0x000001bea9604820, 0x000001beab8a90e0, 0x000001bea8d97540,
0x000001bea8d95390, 0x000001bea8d93b80, 0x000001bea8d96ba0, 0x000001bea8d94050,
0x000001bea8d97070, 0x000001bea8d94ec0, 0x000001bea8d95860, 0x000001bea8d95d30,
0x000001beabd411d0, 0x000001beabd3fe90, 0x000001beabd42510, 0x000001beabd3f4f0,
0x000001beabd429e0, 0x000001beabd3f020, 0x000001beabd45ed0, 0x000001beabd40830,
0x000001beabd3f9c0, 0x000001beabd40d00, 0x000001beabd40360, 0x000001beabd41b70,
0x000001beabd441f0, 0x000001beabd46870, 0x000001bea9ef9040, 0x000001bea9ef7d00,
0x000001bea9ef7830, 0x000001bea9ef51b0, 0x000001bea9ef64f0, 0x000001bea9efa850,
0x000001bea9efb1f0, 0x000001bea9efad20, 0x000001bea9ef69c0, 0x000001bea9efa380,
0x000001bea9ef5680, 0x000001bea9ef81d0, 0x000001bea9efb6c0, 0x000001bea9ef86a0,
0x000001bea9efbb90, 0x000001bea9ef5b50, 0x000001bea9ef6020, 0x000001bea9ef6e90,
0x000001bea9efc060, 0x000001bea9ef8b70, 0x000001bea9ef9510, 0x000001bea9ef9eb0,
0x000001bea9efc530, 0x000001bea8d949f0, 0x000001beb18176d0, 0x000001beb1819d50,
0x000001beb1816860, 0x000001beb181d710, 0x000001beb181abc0, 0x000001beb1817ba0,
0x000001beb181c3d0, 0x000001beb181a220, 0x000001beb1818540, 0x000001beb1818070,
0x000001beb18193b0, 0x000001beb181cd70, 0x000001beb181a6f0, 0x000001beb1815ec0,
0x000001beb1816390, 0x000001beb1816d30, 0x000001beb181b090, 0x000001beb1818a10,
0x000001beb181b560, 0x000001beb1818ee0, 0x000001beb1819880, 0x000001beb1817200,
0x000001beb181ba30, 0x000001beb181bf00, 0x000001beb181c8a0, 0x000001beb181d240,
0x000001beaca45a20, 0x000001beaca48a40, 0x000001beaca48f10, 0x000001beaca46d60,
0x000001beaca47bd0, 0x000001beaca45ef0, 0x000001beaca43870, 0x000001beaca463c0,
0x000001beaca45550, 0x000001beaca48570, 0x000001beaca43d40, 0x000001beaca4b0c0,
0x000001beaca47230, 0x000001beaca46890, 0x000001beaca45080, 0x000001beaca44210,
0x000001beaca47700, 0x000001beaca493e0, 0x000001beaca480a0, 0x000001beaca498b0,
0x000001beaca49d80, 0x000001beaca4a250, 0x000001beaca4a720, 0x000001beaca4abf0,
0x000001beaca446e0, 0x000001beaca44bb0, 0x000001bea9684840, 0x000001bea9682b60,
0x000001bea96839d0, 0x000001bea9681350, 0x000001bea967e330, 0x000001bea873ca30,
0x000001bea873d450, 0x000001bea967f1a0
}

Java Threads: ( => current thread )
  0x000001be8dd71e70 JavaThread "main" [_thread_blocked, id=50544, stack(0x00000056f6100000,0x00000056f6200000)]
  0x000001bea845bba0 JavaThread "Reference Handler" daemon [_thread_blocked, id=47168, stack(0x00000056f6900000,0x00000056f6a00000)]
  0x000001bea845ce60 JavaThread "Finalizer" daemon [_thread_blocked, id=116300, stack(0x00000056f6a00000,0x00000056f6b00000)]
  0x000001bea84c93d0 JavaThread "Signal Dispatcher" daemon [_thread_blocked, id=22864, stack(0x00000056f6b00000,0x00000056f6c00000)]
  0x000001bea84bd010 JavaThread "Attach Listener" daemon [_thread_blocked, id=20928, stack(0x00000056f6c00000,0x00000056f6d00000)]
  0x000001bea84bd8d0 JavaThread "Service Thread" daemon [_thread_blocked, id=88052, stack(0x00000056f6d00000,0x00000056f6e00000)]
  0x000001bea84bec60 JavaThread "Monitor Deflation Thread" daemon [_thread_blocked, id=82044, stack(0x00000056f6e00000,0x00000056f6f00000)]
=>0x000001be8b959630 JavaThread "C2 CompilerThread0" daemon [_thread_in_native, id=55864, stack(0x00000056f6f00000,0x00000056f7000000)]
  0x000001be8b95c3c0 JavaThread "C1 CompilerThread0" daemon [_thread_in_native, id=121844, stack(0x00000056f7000000,0x00000056f7100000)]
  0x000001bea84df490 JavaThread "Sweeper thread" daemon [_thread_blocked, id=111140, stack(0x00000056f7100000,0x00000056f7200000)]
  0x000001bea8673010 JavaThread "Common-Cleaner" daemon [_thread_blocked, id=120744, stack(0x00000056f7200000,0x00000056f7300000)]
  0x000001bea8677f10 JavaThread "Notification Thread" daemon [_thread_blocked, id=120096, stack(0x00000056f7300000,0x00000056f7400000)]
  0x000001beab873c70 JavaThread "Daemon health stats" [_thread_blocked, id=126368, stack(0x00000056f7b00000,0x00000056f7c00000)]
  0x000001beab4a1150 JavaThread "Incoming local TCP Connector on port 59327" [_thread_in_native, id=93328, stack(0x00000056f7c00000,0x00000056f7d00000)]
  0x000001beabcc4020 JavaThread "Daemon periodic checks" [_thread_blocked, id=120924, stack(0x00000056f7d00000,0x00000056f7e00000)]
  0x000001beabbc9920 JavaThread "Daemon" [_thread_blocked, id=126560, stack(0x00000056f7e00000,0x00000056f7f00000)]
  0x000001beab247940 JavaThread "Handler for socket connection from /127.0.0.1:59327 to /127.0.0.1:59328" [_thread_in_native, id=70280, stack(0x00000056f7f00000,0x00000056f8000000)]
  0x000001bea9604820 JavaThread "Cancel handler" [_thread_blocked, id=79752, stack(0x00000056f8000000,0x00000056f8100000)]
  0x000001beab8a90e0 JavaThread "Daemon worker" [_thread_in_vm, id=14676, stack(0x00000056f8100000,0x00000056f8200000)]
  0x000001bea8d97540 JavaThread "Asynchronous log dispatcher for DefaultDaemonConnection: socket connection from /127.0.0.1:59327 to /127.0.0.1:59328" [_thread_blocked, id=99396, stack(0x00000056f8200000,0x00000056f8300000)]
  0x000001bea8d95390 JavaThread "Stdin handler" [_thread_blocked, id=55500, stack(0x00000056f8300000,0x00000056f8400000)]
  0x000001bea8d93b80 JavaThread "Daemon client event forwarder" [_thread_blocked, id=23832, stack(0x00000056f8400000,0x00000056f8500000)]
  0x000001bea8d96ba0 JavaThread "Cache worker for journal cache (C:\Users\motb1\.gradle\caches\journal-1)" [_thread_blocked, id=46592, stack(0x00000056f7500000,0x00000056f7600000)]
  0x000001bea8d94050 JavaThread "File lock request listener" [_thread_in_native, id=15440, stack(0x00000056f8800000,0x00000056f8900000)]
  0x000001bea8d97070 JavaThread "Cache worker for file hash cache (C:\Users\motb1\.gradle\caches\8.0\fileHashes)" [_thread_blocked, id=82384, stack(0x00000056f8900000,0x00000056f8a00000)]
  0x000001bea8d94ec0 JavaThread "File watcher server" daemon [_thread_in_native, id=20088, stack(0x00000056f8c00000,0x00000056f8d00000)]
  0x000001bea8d95860 JavaThread "File watcher consumer" daemon [_thread_blocked, id=20236, stack(0x00000056f8d00000,0x00000056f8e00000)]
  0x000001bea8d95d30 JavaThread "jar transforms" [_thread_blocked, id=27964, stack(0x00000056f8e00000,0x00000056f8f00000)]
  0x000001beabd411d0 JavaThread "jar transforms Thread 2" [_thread_blocked, id=116544, stack(0x00000056f8f00000,0x00000056f9000000)]
  0x000001beabd3fe90 JavaThread "jar transforms Thread 3" [_thread_blocked, id=31528, stack(0x00000056f9000000,0x00000056f9100000)]
  0x000001beabd42510 JavaThread "jar transforms Thread 4" [_thread_blocked, id=42120, stack(0x00000056f9100000,0x00000056f9200000)]
  0x000001beabd3f4f0 JavaThread "jar transforms Thread 5" [_thread_blocked, id=84100, stack(0x00000056f9200000,0x00000056f9300000)]
  0x000001beabd429e0 JavaThread "jar transforms Thread 6" [_thread_blocked, id=115164, stack(0x00000056f9300000,0x00000056f9400000)]
  0x000001beabd3f020 JavaThread "jar transforms Thread 7" [_thread_blocked, id=121572, stack(0x00000056f9400000,0x00000056f9500000)]
  0x000001beabd45ed0 JavaThread "jar transforms Thread 8" [_thread_blocked, id=13864, stack(0x00000056f9500000,0x00000056f9600000)]
  0x000001beabd40830 JavaThread "Cache worker for checksums cache (C:\Users\motb1\OneDrive\Desktop\Projects\Solar_Alarm\.gradle\8.0\checksums)" [_thread_blocked, id=116028, stack(0x00000056f8b00000,0x00000056f8c00000)]
  0x000001beabd3f9c0 JavaThread "Cache worker for cache directory md-rule (C:\Users\motb1\.gradle\caches\8.0\md-rule)" [_thread_blocked, id=95412, stack(0x00000056f9600000,0x00000056f9700000)]
  0x000001beabd40d00 JavaThread "Cache worker for file content cache (C:\Users\motb1\.gradle\caches\8.0\fileContent)" [_thread_blocked, id=90324, stack(0x00000056f9700000,0x00000056f9800000)]
  0x000001beabd40360 JavaThread "Cache worker for file hash cache (C:\Users\motb1\OneDrive\Desktop\Projects\Solar_Alarm\.gradle\8.0\fileHashes)" [_thread_blocked, id=19504, stack(0x00000056f9800000,0x00000056f9900000)]
  0x000001beabd41b70 JavaThread "Cache worker for cache directory md-supplier (C:\Users\motb1\.gradle\caches\8.0\md-supplier)" [_thread_blocked, id=16548, stack(0x00000056f9900000,0x00000056f9a00000)]
  0x000001beabd441f0 JavaThread "Cache worker for execution history cache (C:\Users\motb1\.gradle\caches\8.0\executionHistory)" [_thread_blocked, id=66460, stack(0x00000056f9a00000,0x00000056f9b00000)]
  0x000001beabd46870 JavaThread "Cache worker for dependencies-accessors (C:\Users\motb1\OneDrive\Desktop\Projects\Solar_Alarm\.gradle\8.0\dependencies-accessors)" [_thread_blocked, id=73244, stack(0x00000056f9c00000,0x00000056f9d00000)]
  0x000001bea9ef9040 JavaThread "Cache worker for Build Output Cleanup Cache (C:\Users\motb1\OneDrive\Desktop\Projects\Solar_Alarm\.gradle\buildOutputCleanup)" [_thread_blocked, id=34952, stack(0x00000056f9d00000,0x00000056f9e00000)]
  0x000001bea9ef7d00 JavaThread "Unconstrained build operations" [_thread_blocked, id=34908, stack(0x00000056f9e00000,0x00000056f9f00000)]
  0x000001bea9ef7830 JavaThread "Unconstrained build operations Thread 2" [_thread_blocked, id=55368, stack(0x00000056f9f00000,0x00000056fa000000)]
  0x000001bea9ef51b0 JavaThread "Unconstrained build operations Thread 3" [_thread_blocked, id=37424, stack(0x00000056fa000000,0x00000056fa100000)]
  0x000001bea9ef64f0 JavaThread "Unconstrained build operations Thread 4" [_thread_blocked, id=51244, stack(0x00000056fa100000,0x00000056fa200000)]
  0x000001bea9efa850 JavaThread "Unconstrained build operations Thread 5" [_thread_blocked, id=85364, stack(0x00000056fa200000,0x00000056fa300000)]
  0x000001bea9efb1f0 JavaThread "Unconstrained build operations Thread 6" [_thread_blocked, id=12276, stack(0x00000056fa300000,0x00000056fa400000)]
  0x000001bea9efad20 JavaThread "Unconstrained build operations Thread 7" [_thread_blocked, id=36584, stack(0x00000056fa400000,0x00000056fa500000)]
  0x000001bea9ef69c0 JavaThread "Unconstrained build operations Thread 8" [_thread_blocked, id=9528, stack(0x00000056fa500000,0x00000056fa600000)]
  0x000001bea9efa380 JavaThread "Unconstrained build operations Thread 9" [_thread_blocked, id=58676, stack(0x00000056fa600000,0x00000056fa700000)]
  0x000001bea9ef5680 JavaThread "Unconstrained build operations Thread 10" [_thread_blocked, id=88288, stack(0x00000056fa700000,0x00000056fa800000)]
  0x000001bea9ef81d0 JavaThread "Unconstrained build operations Thread 11" [_thread_blocked, id=108692, stack(0x00000056fa800000,0x00000056fa900000)]
  0x000001bea9efb6c0 JavaThread "Unconstrained build operations Thread 12" [_thread_blocked, id=60632, stack(0x00000056fa900000,0x00000056faa00000)]
  0x000001bea9ef86a0 JavaThread "Unconstrained build operations Thread 13" [_thread_blocked, id=126776, stack(0x00000056faa00000,0x00000056fab00000)]
  0x000001bea9efbb90 JavaThread "Unconstrained build operations Thread 14" [_thread_blocked, id=121576, stack(0x00000056fab00000,0x00000056fac00000)]
  0x000001bea9ef5b50 JavaThread "Unconstrained build operations Thread 15" [_thread_blocked, id=9864, stack(0x00000056fac00000,0x00000056fad00000)]
  0x000001bea9ef6020 JavaThread "Unconstrained build operations Thread 16" [_thread_blocked, id=22768, stack(0x00000056fad00000,0x00000056fae00000)]
  0x000001bea9ef6e90 JavaThread "Unconstrained build operations Thread 17" [_thread_blocked, id=112072, stack(0x00000056fae00000,0x00000056faf00000)]
  0x000001bea9efc060 JavaThread "Unconstrained build operations Thread 18" [_thread_blocked, id=128864, stack(0x00000056faf00000,0x00000056fb000000)]
  0x000001bea9ef8b70 JavaThread "Unconstrained build operations Thread 19" [_thread_blocked, id=55408, stack(0x00000056fb000000,0x00000056fb100000)]
  0x000001bea9ef9510 JavaThread "Unconstrained build operations Thread 20" [_thread_blocked, id=83432, stack(0x00000056fb100000,0x00000056fb200000)]
  0x000001bea9ef9eb0 JavaThread "Unconstrained build operations Thread 21" [_thread_blocked, id=90956, stack(0x00000056fb200000,0x00000056fb300000)]
  0x000001bea9efc530 JavaThread "Unconstrained build operations Thread 22" [_thread_blocked, id=123224, stack(0x00000056fb300000,0x00000056fb400000)]
  0x000001bea8d949f0 JavaThread "Unconstrained build operations Thread 23" [_thread_blocked, id=12584, stack(0x00000056fb400000,0x00000056fb500000)]
  0x000001beb18176d0 JavaThread "Unconstrained build operations Thread 24" [_thread_blocked, id=19348, stack(0x00000056fb500000,0x00000056fb600000)]
  0x000001beb1819d50 JavaThread "Unconstrained build operations Thread 25" [_thread_blocked, id=70900, stack(0x00000056fb600000,0x00000056fb700000)]
  0x000001beb1816860 JavaThread "Unconstrained build operations Thread 26" [_thread_blocked, id=47868, stack(0x00000056fb700000,0x00000056fb800000)]
  0x000001beb181d710 JavaThread "Unconstrained build operations Thread 27" [_thread_blocked, id=71012, stack(0x00000056fb800000,0x00000056fb900000)]
  0x000001beb181abc0 JavaThread "Unconstrained build operations Thread 28" [_thread_blocked, id=95576, stack(0x00000056fb900000,0x00000056fba00000)]
  0x000001beb1817ba0 JavaThread "Unconstrained build operations Thread 29" [_thread_blocked, id=109512, stack(0x00000056fba00000,0x00000056fbb00000)]
  0x000001beb181c3d0 JavaThread "Unconstrained build operations Thread 30" [_thread_blocked, id=87968, stack(0x00000056fbb00000,0x00000056fbc00000)]
  0x000001beb181a220 JavaThread "Unconstrained build operations Thread 31" [_thread_blocked, id=17748, stack(0x00000056fbc00000,0x00000056fbd00000)]
  0x000001beb1818540 JavaThread "Unconstrained build operations Thread 32" [_thread_blocked, id=110336, stack(0x00000056fbd00000,0x00000056fbe00000)]
  0x000001beb1818070 JavaThread "Unconstrained build operations Thread 33" [_thread_blocked, id=11412, stack(0x00000056fbe00000,0x00000056fbf00000)]
  0x000001beb18193b0 JavaThread "Unconstrained build operations Thread 34" [_thread_blocked, id=6156, stack(0x00000056fbf00000,0x00000056fc000000)]
  0x000001beb181cd70 JavaThread "Unconstrained build operations Thread 35" [_thread_blocked, id=70796, stack(0x00000056fc000000,0x00000056fc100000)]
  0x000001beb181a6f0 JavaThread "Unconstrained build operations Thread 36" [_thread_blocked, id=66164, stack(0x00000056fc100000,0x00000056fc200000)]
  0x000001beb1815ec0 JavaThread "Unconstrained build operations Thread 37" [_thread_blocked, id=101484, stack(0x00000056fc200000,0x00000056fc300000)]
  0x000001beb1816390 JavaThread "Unconstrained build operations Thread 38" [_thread_blocked, id=41636, stack(0x00000056fc300000,0x00000056fc400000)]
  0x000001beb1816d30 JavaThread "Unconstrained build operations Thread 39" [_thread_blocked, id=73416, stack(0x00000056fc400000,0x00000056fc500000)]
  0x000001beb181b090 JavaThread "Unconstrained build operations Thread 40" [_thread_blocked, id=81204, stack(0x00000056fc500000,0x00000056fc600000)]
  0x000001beb1818a10 JavaThread "Unconstrained build operations Thread 41" [_thread_blocked, id=94112, stack(0x00000056fc600000,0x00000056fc700000)]
  0x000001beb181b560 JavaThread "Unconstrained build operations Thread 42" [_thread_blocked, id=115368, stack(0x00000056fc700000,0x00000056fc800000)]
  0x000001beb1818ee0 JavaThread "Unconstrained build operations Thread 43" [_thread_blocked, id=19976, stack(0x00000056fc800000,0x00000056fc900000)]
  0x000001beb1819880 JavaThread "Unconstrained build operations Thread 44" [_thread_blocked, id=120060, stack(0x00000056fc900000,0x00000056fca00000)]
  0x000001beb1817200 JavaThread "Unconstrained build operations Thread 45" [_thread_blocked, id=60368, stack(0x00000056fca00000,0x00000056fcb00000)]
  0x000001beb181ba30 JavaThread "Unconstrained build operations Thread 46" [_thread_blocked, id=78584, stack(0x00000056fcb00000,0x00000056fcc00000)]
  0x000001beb181bf00 JavaThread "Unconstrained build operations Thread 47" [_thread_blocked, id=25760, stack(0x00000056fcc00000,0x00000056fcd00000)]
  0x000001beb181c8a0 JavaThread "Unconstrained build operations Thread 48" [_thread_blocked, id=91360, stack(0x00000056fcd00000,0x00000056fce00000)]
  0x000001beb181d240 JavaThread "Unconstrained build operations Thread 49" [_thread_blocked, id=29764, stack(0x00000056fce00000,0x00000056fcf00000)]
  0x000001beaca45a20 JavaThread "Unconstrained build operations Thread 50" [_thread_blocked, id=121504, stack(0x00000056fcf00000,0x00000056fd000000)]
  0x000001beaca48a40 JavaThread "Unconstrained build operations Thread 51" [_thread_blocked, id=64444, stack(0x00000056fd000000,0x00000056fd100000)]
  0x000001beaca48f10 JavaThread "Unconstrained build operations Thread 52" [_thread_blocked, id=62668, stack(0x00000056fd100000,0x00000056fd200000)]
  0x000001beaca46d60 JavaThread "Unconstrained build operations Thread 53" [_thread_blocked, id=6136, stack(0x00000056fd200000,0x00000056fd300000)]
  0x000001beaca47bd0 JavaThread "Unconstrained build operations Thread 54" [_thread_blocked, id=84184, stack(0x00000056fd300000,0x00000056fd400000)]
  0x000001beaca45ef0 JavaThread "Unconstrained build operations Thread 55" [_thread_blocked, id=117240, stack(0x00000056fd400000,0x00000056fd500000)]
  0x000001beaca43870 JavaThread "Unconstrained build operations Thread 56" [_thread_blocked, id=16224, stack(0x00000056fd500000,0x00000056fd600000)]
  0x000001beaca463c0 JavaThread "Unconstrained build operations Thread 57" [_thread_blocked, id=34752, stack(0x00000056fd600000,0x00000056fd700000)]
  0x000001beaca45550 JavaThread "Unconstrained build operations Thread 58" [_thread_blocked, id=99400, stack(0x00000056fd700000,0x00000056fd800000)]
  0x000001beaca48570 JavaThread "Unconstrained build operations Thread 59" [_thread_blocked, id=21192, stack(0x00000056fd800000,0x00000056fd900000)]
  0x000001beaca43d40 JavaThread "Unconstrained build operations Thread 60" [_thread_blocked, id=39888, stack(0x00000056fd900000,0x00000056fda00000)]
  0x000001beaca4b0c0 JavaThread "Unconstrained build operations Thread 61" [_thread_blocked, id=29468, stack(0x00000056fda00000,0x00000056fdb00000)]
  0x000001beaca47230 JavaThread "Unconstrained build operations Thread 62" [_thread_blocked, id=9152, stack(0x00000056fdb00000,0x00000056fdc00000)]
  0x000001beaca46890 JavaThread "Unconstrained build operations Thread 63" [_thread_blocked, id=107712, stack(0x00000056fdc00000,0x00000056fdd00000)]
  0x000001beaca45080 JavaThread "Unconstrained build operations Thread 64" [_thread_blocked, id=29432, stack(0x00000056fdd00000,0x00000056fde00000)]
  0x000001beaca44210 JavaThread "Unconstrained build operations Thread 65" [_thread_blocked, id=25920, stack(0x00000056fde00000,0x00000056fdf00000)]
  0x000001beaca47700 JavaThread "Unconstrained build operations Thread 66" [_thread_blocked, id=115584, stack(0x00000056fdf00000,0x00000056fe000000)]
  0x000001beaca493e0 JavaThread "Unconstrained build operations Thread 67" [_thread_blocked, id=30348, stack(0x00000056fe000000,0x00000056fe100000)]
  0x000001beaca480a0 JavaThread "Unconstrained build operations Thread 68" [_thread_blocked, id=61444, stack(0x00000056fe100000,0x00000056fe200000)]
  0x000001beaca498b0 JavaThread "Unconstrained build operations Thread 69" [_thread_blocked, id=19168, stack(0x00000056fe200000,0x00000056fe300000)]
  0x000001beaca49d80 JavaThread "Unconstrained build operations Thread 70" [_thread_blocked, id=47196, stack(0x00000056fe300000,0x00000056fe400000)]
  0x000001beaca4a250 JavaThread "Unconstrained build operations Thread 71" [_thread_blocked, id=3484, stack(0x00000056fe400000,0x00000056fe500000)]
  0x000001beaca4a720 JavaThread "Unconstrained build operations Thread 72" [_thread_blocked, id=102076, stack(0x00000056fe500000,0x00000056fe600000)]
  0x000001beaca4abf0 JavaThread "Unconstrained build operations Thread 73" [_thread_blocked, id=67028, stack(0x00000056fe600000,0x00000056fe700000)]
  0x000001beaca446e0 JavaThread "Unconstrained build operations Thread 74" [_thread_blocked, id=59712, stack(0x00000056fe700000,0x00000056fe800000)]
  0x000001beaca44bb0 JavaThread "Unconstrained build operations Thread 75" [_thread_blocked, id=103644, stack(0x00000056fe800000,0x00000056fe900000)]
  0x000001bea9684840 JavaThread "Unconstrained build operations Thread 76" [_thread_blocked, id=72676, stack(0x00000056fe900000,0x00000056fea00000)]
  0x000001bea9682b60 JavaThread "Unconstrained build operations Thread 77" [_thread_blocked, id=128596, stack(0x00000056fea00000,0x00000056feb00000)]
  0x000001bea96839d0 JavaThread "Unconstrained build operations Thread 78" [_thread_blocked, id=84492, stack(0x00000056feb00000,0x00000056fec00000)]
  0x000001bea9681350 JavaThread "Unconstrained build operations Thread 79" [_thread_blocked, id=114172, stack(0x00000056fec00000,0x00000056fed00000)]
  0x000001bea967e330 JavaThread "Unconstrained build operations Thread 80" [_thread_blocked, id=115084, stack(0x00000056fed00000,0x00000056fee00000)]
  0x000001bea873ca30 JavaThread "C2 CompilerThread1" daemon [_thread_in_native, id=106976, stack(0x00000056f8a00000,0x00000056f8b00000)]
  0x000001bea873d450 JavaThread "C2 CompilerThread2" daemon [_thread_in_native, id=23532, stack(0x00000056f9b00000,0x00000056f9c00000)]
  0x000001bea967f1a0 JavaThread "Memory manager" [_thread_blocked, id=84384, stack(0x00000056ff000000,0x00000056ff100000)]

Other Threads:
  0x000001bea8459de0 VMThread "VM Thread" [stack: 0x00000056f6800000,0x00000056f6900000] [id=82628]
  0x000001be8b956390 WatcherThread [stack: 0x00000056f7400000,0x00000056f7500000] [id=22076]
  0x000001be8ddce430 GCTaskThread "GC Thread#0" [stack: 0x00000056f6300000,0x00000056f6400000] [id=79504]
  0x000001bea8e9b0a0 GCTaskThread "GC Thread#1" [stack: 0x00000056f7700000,0x00000056f7800000] [id=81696]
  0x000001bea8e9b350 GCTaskThread "GC Thread#2" [stack: 0x00000056f7800000,0x00000056f7900000] [id=37100]
  0x000001bea93cfb00 GCTaskThread "GC Thread#3" [stack: 0x00000056f7900000,0x00000056f7a00000] [id=28876]
  0x000001bea93cfdb0 GCTaskThread "GC Thread#4" [stack: 0x00000056f7a00000,0x00000056f7b00000] [id=24072]
  0x000001beabcae010 GCTaskThread "GC Thread#5" [stack: 0x00000056f7600000,0x00000056f7700000] [id=115392]
  0x000001bea975d8a0 GCTaskThread "GC Thread#6" [stack: 0x00000056f8500000,0x00000056f8600000] [id=35888]
  0x000001beab244560 GCTaskThread "GC Thread#7" [stack: 0x00000056f8600000,0x00000056f8700000] [id=24436]
  0x000001bea5182010 ConcurrentGCThread "G1 Main Marker" [stack: 0x00000056f6400000,0x00000056f6500000] [id=30420]
  0x000001be8dddb510 ConcurrentGCThread "G1 Conc#0" [stack: 0x00000056f6500000,0x00000056f6600000] [id=64908]
  0x000001beab17d090 ConcurrentGCThread "G1 Conc#1" [stack: 0x00000056f8700000,0x00000056f8800000] [id=119188]
  0x000001be8de0e140 ConcurrentGCThread "G1 Refine#0" [stack: 0x00000056f6600000,0x00000056f6700000] [id=104504]
  0x000001bead865a50 ConcurrentGCThread "G1 Refine#1" [stack: 0x00000056fee00000,0x00000056fef00000] [id=72960]
  0x000001beadcf69a0 ConcurrentGCThread "G1 Refine#2" [stack: 0x00000056fef00000,0x00000056ff000000] [id=4960]
  0x000001be8de0ea60 ConcurrentGCThread "G1 Service" [stack: 0x00000056f6700000,0x00000056f6800000] [id=120944]

Threads with active compile tasks:
C2 CompilerThread0    12142 7650       4       com.sun.beans.TypeResolver::resolve (37 bytes)
C1 CompilerThread0    12142 7775       3       kotlin.jvm.internal.Intrinsics::checkParameterIsNotNull (9 bytes)
C2 CompilerThread1    12142 7724       4       org.objectweb.asm.MethodWriter::putMethodInfo (1274 bytes)
C2 CompilerThread2    12142 7711       4       org.gradle.internal.instantiation.generator.AbstractClassGenerator::inspectType (560 bytes)

VM state: not at safepoint (normal execution)

VM Mutex/Monitor currently owned by a thread: None

Heap address: 0x0000000080000000, size: 2048 MB, Compressed Oops mode: 32-bit

CDS archive(s) not mapped
Compressed class space mapped at: 0x0000000100000000-0x0000000140000000, reserved size: 1073741824
Narrow klass base: 0x0000000000000000, Narrow klass shift: 3, Narrow klass range: 0x140000000

GC Precious Log:
 CPUs: 8 total, 8 available
 Memory: 14222M
 Large Page Support: Disabled
 NUMA Support: Disabled
 Compressed Oops: Enabled (32-bit)
 Heap Region Size: 1M
 Heap Min Capacity: 8M
 Heap Initial Capacity: 224M
 Heap Max Capacity: 2G
 Pre-touch: Disabled
 Parallel Workers: 8
 Concurrent Workers: 2
 Concurrent Refinement Workers: 8
 Periodic GC: Disabled

Heap:
 garbage-first heap   total 193536K, used 148179K [0x0000000080000000, 0x0000000100000000)
  region size 1024K, 46 young (47104K), 1 survivors (1024K)
 Metaspace       used 76025K, committed 76736K, reserved 1122304K
  class space    used 10068K, committed 10368K, reserved 1048576K

Heap Regions: E=young(eden), S=young(survivor), O=old, HS=humongous(starts), HC=humongous(continues), CS=collection set, F=free, OA=open archive, CA=closed archive, TAMS=top-at-mark-start (previous, next)
|   0|0x0000000080000000, 0x0000000080100000, 0x0000000080100000|100%|HS|  |TAMS 0x0000000080100000, 0x0000000080000000| Complete 
|   1|0x0000000080100000, 0x0000000080200000, 0x0000000080200000|100%|HC|  |TAMS 0x0000000080200000, 0x0000000080100000| Complete 
|   2|0x0000000080200000, 0x0000000080300000, 0x0000000080300000|100%|HC|  |TAMS 0x0000000080300000, 0x0000000080200000| Complete 
|   3|0x0000000080300000, 0x0000000080400000, 0x0000000080400000|100%|HC|  |TAMS 0x0000000080400000, 0x0000000080300000| Complete 
|   4|0x0000000080400000, 0x0000000080500000, 0x0000000080500000|100%| O|  |TAMS 0x0000000080500000, 0x0000000080400000| Untracked 
|   5|0x0000000080500000, 0x0000000080600000, 0x0000000080600000|100%| O|  |TAMS 0x0000000080600000, 0x0000000080500000| Untracked 
|   6|0x0000000080600000, 0x0000000080700000, 0x0000000080700000|100%| O|  |TAMS 0x0000000080700000, 0x0000000080600000| Untracked 
|   7|0x0000000080700000, 0x0000000080800000, 0x0000000080800000|100%| O|  |TAMS 0x0000000080800000, 0x0000000080700000| Untracked 
|   8|0x0000000080800000, 0x0000000080900000, 0x0000000080900000|100%| O|  |TAMS 0x0000000080900000, 0x0000000080800000| Untracked 
|   9|0x0000000080900000, 0x0000000080a00000, 0x0000000080a00000|100%| O|  |TAMS 0x0000000080a00000, 0x0000000080900000| Untracked 
|  10|0x0000000080a00000, 0x0000000080b00000, 0x0000000080b00000|100%| O|  |TAMS 0x0000000080b00000, 0x0000000080a00000| Untracked 
|  11|0x0000000080b00000, 0x0000000080c00000, 0x0000000080c00000|100%| O|  |TAMS 0x0000000080c00000, 0x0000000080b00000| Untracked 
|  12|0x0000000080c00000, 0x0000000080d00000, 0x0000000080d00000|100%| O|  |TAMS 0x0000000080d00000, 0x0000000080c00000| Untracked 
|  13|0x0000000080d00000, 0x0000000080e00000, 0x0000000080e00000|100%| O|  |TAMS 0x0000000080e00000, 0x0000000080d00000| Untracked 
|  14|0x0000000080e00000, 0x0000000080f00000, 0x0000000080f00000|100%| O|  |TAMS 0x0000000080f00000, 0x0000000080e00000| Untracked 
|  15|0x0000000080f00000, 0x0000000081000000, 0x0000000081000000|100%| O|  |TAMS 0x0000000081000000, 0x0000000080f00000| Untracked 
|  16|0x0000000081000000, 0x0000000081100000, 0x0000000081100000|100%| O|  |TAMS 0x0000000081100000, 0x0000000081000000| Untracked 
|  17|0x0000000081100000, 0x0000000081200000, 0x0000000081200000|100%| O|  |TAMS 0x0000000081200000, 0x0000000081100000| Untracked 
|  18|0x0000000081200000, 0x0000000081300000, 0x0000000081300000|100%| O|  |TAMS 0x0000000081300000, 0x0000000081200000| Untracked 
|  19|0x0000000081300000, 0x0000000081400000, 0x0000000081400000|100%| O|  |TAMS 0x0000000081400000, 0x0000000081300000| Untracked 
|  20|0x0000000081400000, 0x0000000081500000, 0x0000000081500000|100%| O|  |TAMS 0x00000000814cc400, 0x0000000081400000| Untracked 
|  21|0x0000000081500000, 0x0000000081600000, 0x0000000081600000|100%|HS|  |TAMS 0x0000000081600000, 0x0000000081500000| Complete 
|  22|0x0000000081600000, 0x0000000081700000, 0x0000000081700000|100%|HC|  |TAMS 0x0000000081700000, 0x0000000081600000| Complete 
|  23|0x0000000081700000, 0x0000000081800000, 0x0000000081800000|100%|HS|  |TAMS 0x0000000081800000, 0x0000000081700000| Complete 
|  24|0x0000000081800000, 0x0000000081900000, 0x0000000081900000|100%|HC|  |TAMS 0x0000000081900000, 0x0000000081800000| Complete 
|  25|0x0000000081900000, 0x0000000081a00000, 0x0000000081a00000|100%|HC|  |TAMS 0x0000000081a00000, 0x0000000081900000| Complete 
|  26|0x0000000081a00000, 0x0000000081b00000, 0x0000000081b00000|100%|HS|  |TAMS 0x0000000081b00000, 0x0000000081a00000| Complete 
|  27|0x0000000081b00000, 0x0000000081c00000, 0x0000000081c00000|100%|HC|  |TAMS 0x0000000081c00000, 0x0000000081b00000| Complete 
|  28|0x0000000081c00000, 0x0000000081d00000, 0x0000000081d00000|100%|HC|  |TAMS 0x0000000081d00000, 0x0000000081c00000| Complete 
|  29|0x0000000081d00000, 0x0000000081e00000, 0x0000000081e00000|100%| O|  |TAMS 0x0000000081e00000, 0x0000000081d00000| Untracked 
|  30|0x0000000081e00000, 0x0000000081f00000, 0x0000000081f00000|100%| O|  |TAMS 0x0000000081f00000, 0x0000000081e00000| Untracked 
|  31|0x0000000081f00000, 0x0000000082000000, 0x0000000082000000|100%| O|  |TAMS 0x0000000082000000, 0x0000000081f00000| Untracked 
|  32|0x0000000082000000, 0x0000000082100000, 0x0000000082100000|100%| O|  |TAMS 0x0000000082100000, 0x0000000082000000| Untracked 
|  33|0x0000000082100000, 0x0000000082200000, 0x0000000082200000|100%|HS|  |TAMS 0x0000000082200000, 0x0000000082100000| Complete 
|  34|0x0000000082200000, 0x0000000082300000, 0x0000000082300000|100%|HC|  |TAMS 0x0000000082300000, 0x0000000082200000| Complete 
|  35|0x0000000082300000, 0x0000000082400000, 0x0000000082400000|100%| O|  |TAMS 0x0000000082400000, 0x0000000082300000| Untracked 
|  36|0x0000000082400000, 0x0000000082500000, 0x0000000082500000|100%| O|  |TAMS 0x0000000082500000, 0x0000000082400000| Untracked 
|  37|0x0000000082500000, 0x0000000082600000, 0x0000000082600000|100%| O|  |TAMS 0x0000000082600000, 0x0000000082500000| Untracked 
|  38|0x0000000082600000, 0x0000000082700000, 0x0000000082700000|100%| O|  |TAMS 0x0000000082700000, 0x0000000082600000| Untracked 
|  39|0x0000000082700000, 0x0000000082800000, 0x0000000082800000|100%| O|  |TAMS 0x0000000082800000, 0x0000000082700000| Untracked 
|  40|0x0000000082800000, 0x0000000082900000, 0x0000000082900000|100%| O|  |TAMS 0x0000000082900000, 0x0000000082800000| Untracked 
|  41|0x0000000082900000, 0x0000000082a00000, 0x0000000082a00000|100%|HS|  |TAMS 0x0000000082a00000, 0x0000000082900000| Complete 
|  42|0x0000000082a00000, 0x0000000082b00000, 0x0000000082b00000|100%|HC|  |TAMS 0x0000000082b00000, 0x0000000082a00000| Complete 
|  43|0x0000000082b00000, 0x0000000082c00000, 0x0000000082c00000|100%|HC|  |TAMS 0x0000000082c00000, 0x0000000082b00000| Complete 
|  44|0x0000000082c00000, 0x0000000082d00000, 0x0000000082d00000|100%|HS|  |TAMS 0x0000000082d00000, 0x0000000082c00000| Complete 
|  45|0x0000000082d00000, 0x0000000082e00000, 0x0000000082e00000|100%|HC|  |TAMS 0x0000000082e00000, 0x0000000082d00000| Complete 
|  46|0x0000000082e00000, 0x0000000082f00000, 0x0000000082f00000|100%|HC|  |TAMS 0x0000000082f00000, 0x0000000082e00000| Complete 
|  47|0x0000000082f00000, 0x0000000083000000, 0x0000000083000000|100%|HC|  |TAMS 0x0000000083000000, 0x0000000082f00000| Complete 
|  48|0x0000000083000000, 0x0000000083100000, 0x0000000083100000|100%|HC|  |TAMS 0x0000000083100000, 0x0000000083000000| Complete 
|  49|0x0000000083100000, 0x0000000083200000, 0x0000000083200000|100%|HC|  |TAMS 0x0000000083200000, 0x0000000083100000| Complete 
|  50|0x0000000083200000, 0x0000000083300000, 0x0000000083300000|100%|HC|  |TAMS 0x0000000083300000, 0x0000000083200000| Complete 
|  51|0x0000000083300000, 0x0000000083400000, 0x0000000083400000|100%|HC|  |TAMS 0x0000000083400000, 0x0000000083300000| Complete 
|  52|0x0000000083400000, 0x0000000083500000, 0x0000000083500000|100%|HC|  |TAMS 0x0000000083500000, 0x0000000083400000| Complete 
|  53|0x0000000083500000, 0x0000000083600000, 0x0000000083600000|100%|HC|  |TAMS 0x0000000083600000, 0x0000000083500000| Complete 
|  54|0x0000000083600000, 0x0000000083700000, 0x0000000083700000|100%|HC|  |TAMS 0x0000000083700000, 0x0000000083600000| Complete 
|  55|0x0000000083700000, 0x0000000083800000, 0x0000000083800000|100%|HC|  |TAMS 0x0000000083800000, 0x0000000083700000| Complete 
|  56|0x0000000083800000, 0x0000000083900000, 0x0000000083900000|100%| O|  |TAMS 0x0000000083900000, 0x0000000083800000| Untracked 
|  57|0x0000000083900000, 0x0000000083a00000, 0x0000000083a00000|100%| O|  |TAMS 0x0000000083a00000, 0x0000000083900000| Untracked 
|  58|0x0000000083a00000, 0x0000000083b00000, 0x0000000083b00000|100%|HS|  |TAMS 0x0000000083b00000, 0x0000000083a00000| Complete 
|  59|0x0000000083b00000, 0x0000000083c00000, 0x0000000083c00000|100%|HC|  |TAMS 0x0000000083c00000, 0x0000000083b00000| Complete 
|  60|0x0000000083c00000, 0x0000000083d00000, 0x0000000083d00000|100%|HC|  |TAMS 0x0000000083d00000, 0x0000000083c00000| Complete 
|  61|0x0000000083d00000, 0x0000000083e00000, 0x0000000083e00000|100%| O|  |TAMS 0x0000000083e00000, 0x0000000083d00000| Untracked 
|  62|0x0000000083e00000, 0x0000000083f00000, 0x0000000083f00000|100%| O|  |TAMS 0x0000000083f00000, 0x0000000083e00000| Untracked 
|  63|0x0000000083f00000, 0x0000000084000000, 0x0000000084000000|100%| O|  |TAMS 0x0000000084000000, 0x0000000083f00000| Untracked 
|  64|0x0000000084000000, 0x0000000084100000, 0x0000000084100000|100%| O|  |TAMS 0x0000000084100000, 0x0000000084000000| Untracked 
|  65|0x0000000084100000, 0x0000000084200000, 0x0000000084200000|100%| O|  |TAMS 0x0000000084200000, 0x0000000084100000| Untracked 
|  66|0x0000000084200000, 0x0000000084300000, 0x0000000084300000|100%| O|  |TAMS 0x0000000084300000, 0x0000000084200000| Untracked 
|  67|0x0000000084300000, 0x0000000084400000, 0x0000000084400000|100%| O|  |TAMS 0x0000000084400000, 0x0000000084300000| Untracked 
|  68|0x0000000084400000, 0x0000000084500000, 0x0000000084500000|100%| O|  |TAMS 0x0000000084400000, 0x0000000084400000| Untracked 
|  69|0x0000000084500000, 0x0000000084600000, 0x0000000084600000|100%|HS|  |TAMS 0x0000000084500000, 0x0000000084500000| Complete 
|  70|0x0000000084600000, 0x0000000084700000, 0x0000000084700000|100%| O|  |TAMS 0x0000000084700000, 0x0000000084600000| Untracked 
|  71|0x0000000084700000, 0x0000000084800000, 0x0000000084800000|100%| O|  |TAMS 0x0000000084800000, 0x0000000084700000| Untracked 
|  72|0x0000000084800000, 0x0000000084900000, 0x0000000084900000|100%| O|  |TAMS 0x0000000084900000, 0x0000000084800000| Untracked 
|  73|0x0000000084900000, 0x0000000084a00000, 0x0000000084a00000|100%| O|  |TAMS 0x0000000084a00000, 0x0000000084900000| Untracked 
|  74|0x0000000084a00000, 0x0000000084b00000, 0x0000000084b00000|100%|HS|  |TAMS 0x0000000084b00000, 0x0000000084a00000| Complete 
|  75|0x0000000084b00000, 0x0000000084c00000, 0x0000000084c00000|100%|HS|  |TAMS 0x0000000084c00000, 0x0000000084b00000| Complete 
|  76|0x0000000084c00000, 0x0000000084d00000, 0x0000000084d00000|100%|HC|  |TAMS 0x0000000084d00000, 0x0000000084c00000| Complete 
|  77|0x0000000084d00000, 0x0000000084e00000, 0x0000000084e00000|100%|HS|  |TAMS 0x0000000084e00000, 0x0000000084d00000| Complete 
|  78|0x0000000084e00000, 0x0000000084f00000, 0x0000000084f00000|100%|HS|  |TAMS 0x0000000084f00000, 0x0000000084e00000| Complete 
|  79|0x0000000084f00000, 0x0000000085000000, 0x0000000085000000|100%|HS|  |TAMS 0x0000000085000000, 0x0000000084f00000| Complete 
|  80|0x0000000085000000, 0x0000000085100000, 0x0000000085100000|100%|HC|  |TAMS 0x0000000085100000, 0x0000000085000000| Complete 
|  81|0x0000000085100000, 0x0000000085200000, 0x0000000085200000|100%|HC|  |TAMS 0x0000000085200000, 0x0000000085100000| Complete 
|  82|0x0000000085200000, 0x0000000085300000, 0x0000000085300000|100%|HC|  |TAMS 0x0000000085300000, 0x0000000085200000| Complete 
|  83|0x0000000085300000, 0x0000000085400000, 0x0000000085400000|100%| O|  |TAMS 0x0000000085400000, 0x0000000085300000| Untracked 
|  84|0x0000000085400000, 0x0000000085500000, 0x0000000085500000|100%| O|  |TAMS 0x0000000085500000, 0x0000000085400000| Untracked 
|  85|0x0000000085500000, 0x0000000085600000, 0x0000000085600000|100%| O|  |TAMS 0x0000000085600000, 0x0000000085500000| Untracked 
|  86|0x0000000085600000, 0x0000000085700000, 0x0000000085700000|100%| O|  |TAMS 0x0000000085700000, 0x0000000085600000| Untracked 
|  87|0x0000000085700000, 0x0000000085800000, 0x0000000085800000|100%| O|  |TAMS 0x0000000085800000, 0x0000000085700000| Untracked 
|  88|0x0000000085800000, 0x0000000085900000, 0x0000000085900000|100%| O|  |TAMS 0x0000000085900000, 0x0000000085800000| Untracked 
|  89|0x0000000085900000, 0x0000000085a00000, 0x0000000085a00000|100%| O|  |TAMS 0x0000000085a00000, 0x0000000085900000| Untracked 
|  90|0x0000000085a00000, 0x0000000085b00000, 0x0000000085b00000|100%| O|  |TAMS 0x0000000085b00000, 0x0000000085a00000| Untracked 
|  91|0x0000000085b00000, 0x0000000085c00000, 0x0000000085c00000|100%| O|  |TAMS 0x0000000085c00000, 0x0000000085b00000| Untracked 
|  92|0x0000000085c00000, 0x0000000085d00000, 0x0000000085d00000|100%| O|  |TAMS 0x0000000085c00000, 0x0000000085c00000| Untracked 
|  93|0x0000000085d00000, 0x0000000085e00000, 0x0000000085e00000|100%| O|  |TAMS 0x0000000085d00000, 0x0000000085d00000| Untracked 
|  94|0x0000000085e00000, 0x0000000085f00000, 0x0000000085f00000|100%| O|  |TAMS 0x0000000085e00000, 0x0000000085e00000| Untracked 
|  95|0x0000000085f00000, 0x0000000086000000, 0x0000000086000000|100%| O|  |TAMS 0x0000000085f00000, 0x0000000085f00000| Untracked 
|  96|0x0000000086000000, 0x0000000086100000, 0x0000000086100000|100%| O|  |TAMS 0x0000000086000000, 0x0000000086000000| Untracked 
|  97|0x0000000086100000, 0x0000000086200000, 0x0000000086200000|100%| O|  |TAMS 0x0000000086100000, 0x0000000086100000| Untracked 
|  98|0x0000000086200000, 0x0000000086300000, 0x0000000086300000|100%| O|  |TAMS 0x0000000086200000, 0x0000000086200000| Untracked 
|  99|0x0000000086300000, 0x0000000086400000, 0x0000000086400000|100%| O|  |TAMS 0x0000000086300000, 0x0000000086300000| Untracked 
| 100|0x0000000086400000, 0x0000000086500000, 0x0000000086500000|100%| O|  |TAMS 0x0000000086400000, 0x0000000086400000| Untracked 
| 101|0x0000000086500000, 0x0000000086537a00, 0x0000000086600000| 21%| O|  |TAMS 0x0000000086500000, 0x0000000086500000| Untracked 
| 102|0x0000000086600000, 0x0000000086600000, 0x0000000086700000|  0%| F|  |TAMS 0x0000000086600000, 0x0000000086600000| Untracked 
| 103|0x0000000086700000, 0x0000000086700000, 0x0000000086800000|  0%| F|  |TAMS 0x0000000086700000, 0x0000000086700000| Untracked 
| 104|0x0000000086800000, 0x0000000086800000, 0x0000000086900000|  0%| F|  |TAMS 0x0000000086800000, 0x0000000086800000| Untracked 
| 105|0x0000000086900000, 0x0000000086900000, 0x0000000086a00000|  0%| F|  |TAMS 0x0000000086900000, 0x0000000086900000| Untracked 
| 106|0x0000000086a00000, 0x0000000086a00000, 0x0000000086b00000|  0%| F|  |TAMS 0x0000000086a00000, 0x0000000086a00000| Untracked 
| 107|0x0000000086b00000, 0x0000000086b00000, 0x0000000086c00000|  0%| F|  |TAMS 0x0000000086b00000, 0x0000000086b00000| Untracked 
| 108|0x0000000086c00000, 0x0000000086c00000, 0x0000000086d00000|  0%| F|  |TAMS 0x0000000086c00000, 0x0000000086c00000| Untracked 
| 109|0x0000000086d00000, 0x0000000086d00000, 0x0000000086e00000|  0%| F|  |TAMS 0x0000000086d00000, 0x0000000086d00000| Untracked 
| 110|0x0000000086e00000, 0x0000000086e00000, 0x0000000086f00000|  0%| F|  |TAMS 0x0000000086e00000, 0x0000000086e00000| Untracked 
| 111|0x0000000086f00000, 0x0000000086f00000, 0x0000000087000000|  0%| F|  |TAMS 0x0000000086f00000, 0x0000000086f00000| Untracked 
| 112|0x0000000087000000, 0x0000000087000000, 0x0000000087100000|  0%| F|  |TAMS 0x0000000087000000, 0x0000000087000000| Untracked 
| 113|0x0000000087100000, 0x0000000087100000, 0x0000000087200000|  0%| F|  |TAMS 0x0000000087100000, 0x0000000087100000| Untracked 
| 114|0x0000000087200000, 0x0000000087200000, 0x0000000087300000|  0%| F|  |TAMS 0x0000000087200000, 0x0000000087200000| Untracked 
| 115|0x0000000087300000, 0x0000000087300000, 0x0000000087400000|  0%| F|  |TAMS 0x0000000087300000, 0x0000000087300000| Untracked 
| 116|0x0000000087400000, 0x0000000087400000, 0x0000000087500000|  0%| F|  |TAMS 0x0000000087400000, 0x0000000087400000| Untracked 
| 117|0x0000000087500000, 0x0000000087500000, 0x0000000087600000|  0%| F|  |TAMS 0x0000000087500000, 0x0000000087500000| Untracked 
| 118|0x0000000087600000, 0x0000000087600000, 0x0000000087700000|  0%| F|  |TAMS 0x0000000087600000, 0x0000000087600000| Untracked 
| 119|0x0000000087700000, 0x0000000087700000, 0x0000000087800000|  0%| F|  |TAMS 0x0000000087700000, 0x0000000087700000| Untracked 
| 120|0x0000000087800000, 0x0000000087800000, 0x0000000087900000|  0%| F|  |TAMS 0x0000000087800000, 0x0000000087800000| Untracked 
| 121|0x0000000087900000, 0x0000000087900000, 0x0000000087a00000|  0%| F|  |TAMS 0x0000000087900000, 0x0000000087900000| Untracked 
| 122|0x0000000087a00000, 0x0000000087a00000, 0x0000000087b00000|  0%| F|  |TAMS 0x0000000087a00000, 0x0000000087a00000| Untracked 
| 123|0x0000000087b00000, 0x0000000087b00000, 0x0000000087c00000|  0%| F|  |TAMS 0x0000000087b00000, 0x0000000087b00000| Untracked 
| 124|0x0000000087c00000, 0x0000000087c00000, 0x0000000087d00000|  0%| F|  |TAMS 0x0000000087c00000, 0x0000000087c00000| Untracked 
| 125|0x0000000087d00000, 0x0000000087d00000, 0x0000000087e00000|  0%| F|  |TAMS 0x0000000087d00000, 0x0000000087d00000| Untracked 
| 126|0x0000000087e00000, 0x0000000087e00000, 0x0000000087f00000|  0%| F|  |TAMS 0x0000000087e00000, 0x0000000087e00000| Untracked 
| 127|0x0000000087f00000, 0x0000000087f00000, 0x0000000088000000|  0%| F|  |TAMS 0x0000000087f00000, 0x0000000087f00000| Untracked 
| 128|0x0000000088000000, 0x0000000088000000, 0x0000000088100000|  0%| F|  |TAMS 0x0000000088000000, 0x0000000088000000| Untracked 
| 129|0x0000000088100000, 0x0000000088100000, 0x0000000088200000|  0%| F|  |TAMS 0x0000000088100000, 0x0000000088100000| Untracked 
| 130|0x0000000088200000, 0x0000000088200000, 0x0000000088300000|  0%| F|  |TAMS 0x0000000088200000, 0x0000000088200000| Untracked 
| 131|0x0000000088300000, 0x0000000088300000, 0x0000000088400000|  0%| F|  |TAMS 0x0000000088300000, 0x0000000088300000| Untracked 
| 132|0x0000000088400000, 0x0000000088400000, 0x0000000088500000|  0%| F|  |TAMS 0x0000000088400000, 0x0000000088400000| Untracked 
| 133|0x0000000088500000, 0x0000000088500000, 0x0000000088600000|  0%| F|  |TAMS 0x0000000088500000, 0x0000000088500000| Untracked 
| 134|0x0000000088600000, 0x0000000088600000, 0x0000000088700000|  0%| F|  |TAMS 0x0000000088600000, 0x0000000088600000| Untracked 
| 135|0x0000000088700000, 0x0000000088700000, 0x0000000088800000|  0%| F|  |TAMS 0x0000000088700000, 0x0000000088700000| Untracked 
| 136|0x0000000088800000, 0x0000000088800000, 0x0000000088900000|  0%| F|  |TAMS 0x0000000088800000, 0x0000000088800000| Untracked 
| 137|0x0000000088900000, 0x0000000088900000, 0x0000000088a00000|  0%| F|  |TAMS 0x0000000088900000, 0x0000000088900000| Untracked 
| 138|0x0000000088a00000, 0x0000000088a00000, 0x0000000088b00000|  0%| F|  |TAMS 0x0000000088a00000, 0x0000000088a00000| Untracked 
| 139|0x0000000088b00000, 0x0000000088b00000, 0x0000000088c00000|  0%| F|  |TAMS 0x0000000088b00000, 0x0000000088b00000| Untracked 
| 140|0x0000000088c00000, 0x0000000088c00000, 0x0000000088d00000|  0%| F|  |TAMS 0x0000000088c00000, 0x0000000088c00000| Untracked 
| 141|0x0000000088d00000, 0x0000000088d00000, 0x0000000088e00000|  0%| F|  |TAMS 0x0000000088d00000, 0x0000000088d00000| Untracked 
| 142|0x0000000088e00000, 0x0000000088e00000, 0x0000000088f00000|  0%| F|  |TAMS 0x0000000088e00000, 0x0000000088e00000| Untracked 
| 143|0x0000000088f00000, 0x0000000089000000, 0x0000000089000000|100%| E|  |TAMS 0x0000000088f00000, 0x0000000088f00000| Complete 
| 144|0x0000000089000000, 0x0000000089100000, 0x0000000089100000|100%| E|CS|TAMS 0x0000000089000000, 0x0000000089000000| Complete 
| 145|0x0000000089100000, 0x0000000089200000, 0x0000000089200000|100%| E|CS|TAMS 0x0000000089100000, 0x0000000089100000| Complete 
| 146|0x0000000089200000, 0x0000000089300000, 0x0000000089300000|100%| E|  |TAMS 0x0000000089200000, 0x0000000089200000| Complete 
| 147|0x0000000089300000, 0x0000000089400000, 0x0000000089400000|100%| E|CS|TAMS 0x0000000089300000, 0x0000000089300000| Complete 
| 148|0x0000000089400000, 0x0000000089500000, 0x0000000089500000|100%| E|CS|TAMS 0x0000000089400000, 0x0000000089400000| Complete 
| 149|0x0000000089500000, 0x0000000089600000, 0x0000000089600000|100%| E|CS|TAMS 0x0000000089500000, 0x0000000089500000| Complete 
| 150|0x0000000089600000, 0x0000000089700000, 0x0000000089700000|100%| E|CS|TAMS 0x0000000089600000, 0x0000000089600000| Complete 
| 151|0x0000000089700000, 0x0000000089800000, 0x0000000089800000|100%| E|CS|TAMS 0x0000000089700000, 0x0000000089700000| Complete 
| 152|0x0000000089800000, 0x0000000089900000, 0x0000000089900000|100%| E|CS|TAMS 0x0000000089800000, 0x0000000089800000| Complete 
| 153|0x0000000089900000, 0x0000000089a00000, 0x0000000089a00000|100%| E|CS|TAMS 0x0000000089900000, 0x0000000089900000| Complete 
| 154|0x0000000089a00000, 0x0000000089b00000, 0x0000000089b00000|100%| E|CS|TAMS 0x0000000089a00000, 0x0000000089a00000| Complete 
| 155|0x0000000089b00000, 0x0000000089c00000, 0x0000000089c00000|100%| E|CS|TAMS 0x0000000089b00000, 0x0000000089b00000| Complete 
| 156|0x0000000089c00000, 0x0000000089d00000, 0x0000000089d00000|100%| E|CS|TAMS 0x0000000089c00000, 0x0000000089c00000| Complete 
| 157|0x0000000089d00000, 0x0000000089e00000, 0x0000000089e00000|100%| E|CS|TAMS 0x0000000089d00000, 0x0000000089d00000| Complete 
| 158|0x0000000089e00000, 0x0000000089f00000, 0x0000000089f00000|100%| E|CS|TAMS 0x0000000089e00000, 0x0000000089e00000| Complete 
| 159|0x0000000089f00000, 0x000000008a000000, 0x000000008a000000|100%| E|CS|TAMS 0x0000000089f00000, 0x0000000089f00000| Complete 
| 160|0x000000008a000000, 0x000000008a100000, 0x000000008a100000|100%| E|CS|TAMS 0x000000008a000000, 0x000000008a000000| Complete 
| 161|0x000000008a100000, 0x000000008a200000, 0x000000008a200000|100%| E|CS|TAMS 0x000000008a100000, 0x000000008a100000| Complete 
| 162|0x000000008a200000, 0x000000008a300000, 0x000000008a300000|100%| E|CS|TAMS 0x000000008a200000, 0x000000008a200000| Complete 
| 163|0x000000008a300000, 0x000000008a400000, 0x000000008a400000|100%| E|CS|TAMS 0x000000008a300000, 0x000000008a300000| Complete 
| 164|0x000000008a400000, 0x000000008a500000, 0x000000008a500000|100%| E|CS|TAMS 0x000000008a400000, 0x000000008a400000| Complete 
| 165|0x000000008a500000, 0x000000008a600000, 0x000000008a600000|100%| E|CS|TAMS 0x000000008a500000, 0x000000008a500000| Complete 
| 166|0x000000008a600000, 0x000000008a700000, 0x000000008a700000|100%| E|CS|TAMS 0x000000008a600000, 0x000000008a600000| Complete 
| 167|0x000000008a700000, 0x000000008a800000, 0x000000008a800000|100%| E|CS|TAMS 0x000000008a700000, 0x000000008a700000| Complete 
| 168|0x000000008a800000, 0x000000008a900000, 0x000000008a900000|100%| E|CS|TAMS 0x000000008a800000, 0x000000008a800000| Complete 
| 169|0x000000008a900000, 0x000000008aa00000, 0x000000008aa00000|100%| E|CS|TAMS 0x000000008a900000, 0x000000008a900000| Complete 
| 170|0x000000008aa00000, 0x000000008ab00000, 0x000000008ab00000|100%| E|CS|TAMS 0x000000008aa00000, 0x000000008aa00000| Complete 
| 171|0x000000008ab00000, 0x000000008ac00000, 0x000000008ac00000|100%| E|CS|TAMS 0x000000008ab00000, 0x000000008ab00000| Complete 
| 172|0x000000008ac00000, 0x000000008ad00000, 0x000000008ad00000|100%| E|CS|TAMS 0x000000008ac00000, 0x000000008ac00000| Complete 
| 173|0x000000008ad00000, 0x000000008ae00000, 0x000000008ae00000|100%| E|CS|TAMS 0x000000008ad00000, 0x000000008ad00000| Complete 
| 174|0x000000008ae00000, 0x000000008af00000, 0x000000008af00000|100%| E|CS|TAMS 0x000000008ae00000, 0x000000008ae00000| Complete 
| 175|0x000000008af00000, 0x000000008b000000, 0x000000008b000000|100%| E|CS|TAMS 0x000000008af00000, 0x000000008af00000| Complete 
| 176|0x000000008b000000, 0x000000008b100000, 0x000000008b100000|100%| E|CS|TAMS 0x000000008b000000, 0x000000008b000000| Complete 
| 177|0x000000008b100000, 0x000000008b200000, 0x000000008b200000|100%| E|CS|TAMS 0x000000008b100000, 0x000000008b100000| Complete 
| 178|0x000000008b200000, 0x000000008b300000, 0x000000008b300000|100%| E|CS|TAMS 0x000000008b200000, 0x000000008b200000| Complete 
| 179|0x000000008b300000, 0x000000008b400000, 0x000000008b400000|100%| E|CS|TAMS 0x000000008b300000, 0x000000008b300000| Complete 
| 180|0x000000008b400000, 0x000000008b500000, 0x000000008b500000|100%| E|CS|TAMS 0x000000008b400000, 0x000000008b400000| Complete 
| 181|0x000000008b500000, 0x000000008b600000, 0x000000008b600000|100%| E|CS|TAMS 0x000000008b500000, 0x000000008b500000| Complete 
| 182|0x000000008b600000, 0x000000008b700000, 0x000000008b700000|100%| E|CS|TAMS 0x000000008b600000, 0x000000008b600000| Complete 
| 183|0x000000008b700000, 0x000000008b77d460, 0x000000008b800000| 48%| S|CS|TAMS 0x000000008b700000, 0x000000008b700000| Complete 
| 184|0x000000008b800000, 0x000000008b900000, 0x000000008b900000|100%| E|CS|TAMS 0x000000008b800000, 0x000000008b800000| Complete 
| 185|0x000000008b900000, 0x000000008ba00000, 0x000000008ba00000|100%| E|CS|TAMS 0x000000008b900000, 0x000000008b900000| Complete 
| 186|0x000000008ba00000, 0x000000008bb00000, 0x000000008bb00000|100%| E|CS|TAMS 0x000000008ba00000, 0x000000008ba00000| Complete 
| 187|0x000000008bb00000, 0x000000008bc00000, 0x000000008bc00000|100%| E|CS|TAMS 0x000000008bb00000, 0x000000008bb00000| Complete 
| 223|0x000000008df00000, 0x000000008e000000, 0x000000008e000000|100%| E|CS|TAMS 0x000000008df00000, 0x000000008df00000| Complete 

Card table byte_map: [0x000001bea0940000,0x000001bea0d40000] _byte_map_base: 0x000001bea0540000

Marking Bits (Prev, Next): (CMBitMap*) 0x000001be8ddcea40, (CMBitMap*) 0x000001be8ddcea80
 Prev Bits: [0x000001bea1140000, 0x000001bea3140000)
 Next Bits: [0x000001bea3140000, 0x000001bea5140000)

Polling page: 0x000001be8bbc0000

Metaspace:

Usage:
  Non-class:     64.47 MB used.
      Class:      9.84 MB used.
       Both:     74.31 MB used.

Virtual space:
  Non-class space:       72.00 MB reserved,      64.88 MB ( 90%) committed,  9 nodes.
      Class space:        1.00 GB reserved,      10.12 MB ( <1%) committed,  1 nodes.
             Both:        1.07 GB reserved,      75.00 MB (  7%) committed. 

Chunk freelists:
   Non-Class:  2.78 MB
       Class:  1.86 MB
        Both:  4.64 MB

MaxMetaspaceSize: unlimited
CompressedClassSpaceSize: 1.00 GB
Initial GC threshold: 21.00 MB
Current GC threshold: 113.44 MB
CDS: off
MetaspaceReclaimPolicy: balanced
 - commit_granule_bytes: 65536.
 - commit_granule_words: 8192.
 - virtual_space_node_default_size: 1048576.
 - enlarge_chunks_in_place: 1.
 - new_chunks_are_fully_committed: 0.
 - uncommit_free_chunks: 1.
 - use_allocation_guard: 0.
 - handle_deallocations: 1.


Internal statistics:

num_allocs_failed_limit: 3.
num_arena_births: 728.
num_arena_deaths: 0.
num_vsnodes_births: 10.
num_vsnodes_deaths: 0.
num_space_committed: 1200.
num_space_uncommitted: 0.
num_chunks_returned_to_freelist: 3.
num_chunks_taken_from_freelist: 3419.
num_chunk_merges: 3.
num_chunk_splits: 2245.
num_chunks_enlarged: 1505.
num_purges: 0.
num_inconsistent_stats: 0.

CodeHeap 'non-profiled nmethods': size=120000Kb used=4372Kb max_used=4372Kb free=115627Kb
 bounds [0x000001be98ce0000, 0x000001be99130000, 0x000001bea0210000]
CodeHeap 'profiled nmethods': size=120000Kb used=13743Kb max_used=13743Kb free=106256Kb
 bounds [0x000001be91210000, 0x000001be91f80000, 0x000001be98740000]
CodeHeap 'non-nmethods': size=5760Kb used=2365Kb max_used=2403Kb free=3394Kb
 bounds [0x000001be98740000, 0x000001be989b0000, 0x000001be98ce0000]
 total_blobs=7919 nmethods=7025 adapters=806
 compilation: enabled
              stopped_count=0, restarted_count=0
 full_count=0

Compilation events (20 events):
Event: 12.065 Thread 0x000001be8b95c3c0 7730       3       org.gradle.internal.logging.progress.DefaultProgressLoggerFactory$ProgressLoggerImpl::<init> (69 bytes)
Event: 12.065 Thread 0x000001be8b95c3c0 nmethod 7730 0x000001be91f46d10 code [0x000001be91f46ee0, 0x000001be91f47418]
Event: 12.065 Thread 0x000001be8b95c3c0 7729       3       org.gradle.api.internal.collections.DefaultCollectionEventRegister::registerLazyAddDecoratedAction (14 bytes)
Event: 12.065 Thread 0x000001be8b95c3c0 nmethod 7729 0x000001be91f47510 code [0x000001be91f476c0, 0x000001be91f478e8]
Event: 12.066 Thread 0x000001be8b95c3c0 7731       3       org.gradle.api.internal.tasks.DefaultTaskDependency::<init> (16 bytes)
Event: 12.066 Thread 0x000001be8b95c3c0 nmethod 7731 0x000001be91f47a10 code [0x000001be91f47bc0, 0x000001be91f47ed8]
Event: 12.066 Thread 0x000001be8b95c3c0 7732       3       org.gradle.api.internal.tasks.AbstractTaskDependency::<init> (15 bytes)
Event: 12.066 Thread 0x000001bea873ca30 nmethod 7716 0x000001be9911f710 code [0x000001be9911f980, 0x000001be991210c0]
Event: 12.066 Thread 0x000001be8b95c3c0 nmethod 7732 0x000001be91f48010 code [0x000001be91f481a0, 0x000001be91f48398]
Event: 12.066 Thread 0x000001bea873ca30 7726       4       java.io.BufferedInputStream::read1 (108 bytes)
Event: 12.067 Thread 0x000001be8b95c3c0 7733       3       org.gradle.api.internal.attributes.UsageCompatibilityHandler::doConcat (201 bytes)
Event: 12.069 Thread 0x000001be8b95c3c0 nmethod 7733 0x000001be91f48490 code [0x000001be91f487e0, 0x000001be91f49a58]
Event: 12.069 Thread 0x000001be8b95c3c0 7734       3       org.gradle.internal.event.DefaultListenerManager::assertCanBroadcast (101 bytes)
Event: 12.070 Thread 0x000001bea873ca30 nmethod 7726 0x000001be99121d10 code [0x000001be99121ec0, 0x000001be99122158]
Event: 12.070 Thread 0x000001bea873ca30 7722       4       org.objectweb.asm.Type::getMethodDescriptor (66 bytes)
Event: 12.070 Thread 0x000001be8b95c3c0 nmethod 7734 0x000001be91f4a090 code [0x000001be91f4a4c0, 0x000001be91f4c538]
Event: 12.070 Thread 0x000001be8b95c3c0 7735   !   3       jdk.proxy1.$Proxy8::value (29 bytes)
Event: 12.070 Thread 0x000001be8b95c3c0 nmethod 7735 0x000001be91f4d010 code [0x000001be91f4d1e0, 0x000001be91f4d5b8]
Event: 12.090 Thread 0x000001bea873ca30 nmethod 7722 0x000001be99122410 code [0x000001be99122620, 0x000001be99123670]
Event: 12.090 Thread 0x000001bea873ca30 7724       4       org.objectweb.asm.MethodWriter::putMethodInfo (1274 bytes)

GC Heap History (20 events):
Event: 8.349 GC heap before
{Heap before GC invocations=25 (full 0):
 garbage-first heap   total 129024K, used 98672K [0x0000000080000000, 0x0000000100000000)
  region size 1024K, 29 young (29696K), 2 survivors (2048K)
 Metaspace       used 54074K, committed 54720K, reserved 1097728K
  class space    used 7216K, committed 7488K, reserved 1048576K
}
Event: 8.352 GC heap after
{Heap after GC invocations=26 (full 0):
 garbage-first heap   total 129024K, used 75431K [0x0000000080000000, 0x0000000100000000)
  region size 1024K, 4 young (4096K), 4 survivors (4096K)
 Metaspace       used 54074K, committed 54720K, reserved 1097728K
  class space    used 7216K, committed 7488K, reserved 1048576K
}
Event: 8.513 GC heap before
{Heap before GC invocations=26 (full 0):
 garbage-first heap   total 129024K, used 81575K [0x0000000080000000, 0x0000000100000000)
  region size 1024K, 12 young (12288K), 4 survivors (4096K)
 Metaspace       used 54363K, committed 54912K, reserved 1097728K
  class space    used 7259K, committed 7488K, reserved 1048576K
}
Event: 8.518 GC heap after
{Heap after GC invocations=27 (full 0):
 garbage-first heap   total 129024K, used 76959K [0x0000000080000000, 0x0000000100000000)
  region size 1024K, 2 young (2048K), 2 survivors (2048K)
 Metaspace       used 54363K, committed 54912K, reserved 1097728K
  class space    used 7259K, committed 7488K, reserved 1048576K
}
Event: 9.067 GC heap before
{Heap before GC invocations=28 (full 0):
 garbage-first heap   total 138240K, used 110751K [0x0000000080000000, 0x0000000100000000)
  region size 1024K, 26 young (26624K), 2 survivors (2048K)
 Metaspace       used 56175K, committed 56768K, reserved 1105920K
  class space    used 7513K, committed 7744K, reserved 1048576K
}
Event: 9.071 GC heap after
{Heap after GC invocations=29 (full 0):
 garbage-first heap   total 138240K, used 93053K [0x0000000080000000, 0x0000000100000000)
  region size 1024K, 4 young (4096K), 4 survivors (4096K)
 Metaspace       used 56175K, committed 56768K, reserved 1105920K
  class space    used 7513K, committed 7744K, reserved 1048576K
}
Event: 9.113 GC heap before
{Heap before GC invocations=29 (full 0):
 garbage-first heap   total 138240K, used 95101K [0x0000000080000000, 0x0000000100000000)
  region size 1024K, 6 young (6144K), 4 survivors (4096K)
 Metaspace       used 56453K, committed 57088K, reserved 1105920K
  class space    used 7553K, committed 7808K, reserved 1048576K
}
Event: 9.115 GC heap after
{Heap after GC invocations=30 (full 0):
 garbage-first heap   total 138240K, used 93053K [0x0000000080000000, 0x0000000100000000)
  region size 1024K, 1 young (1024K), 1 survivors (1024K)
 Metaspace       used 56453K, committed 57088K, reserved 1105920K
  class space    used 7553K, committed 7808K, reserved 1048576K
}
Event: 9.432 GC heap before
{Heap before GC invocations=30 (full 0):
 garbage-first heap   total 138240K, used 110461K [0x0000000080000000, 0x0000000100000000)
  region size 1024K, 19 young (19456K), 1 survivors (1024K)
 Metaspace       used 59426K, committed 60032K, reserved 1105920K
  class space    used 7922K, committed 8192K, reserved 1048576K
}
Event: 9.434 GC heap after
{Heap after GC invocations=31 (full 0):
 garbage-first heap   total 138240K, used 93453K [0x0000000080000000, 0x0000000100000000)
  region size 1024K, 1 young (1024K), 1 survivors (1024K)
 Metaspace       used 59426K, committed 60032K, reserved 1105920K
  class space    used 7922K, committed 8192K, reserved 1048576K
}
Event: 9.833 GC heap before
{Heap before GC invocations=32 (full 0):
 garbage-first heap   total 160768K, used 112909K [0x0000000080000000, 0x0000000100000000)
  region size 1024K, 20 young (20480K), 1 survivors (1024K)
 Metaspace       used 62474K, committed 63104K, reserved 1105920K
  class space    used 8283K, committed 8512K, reserved 1048576K
}
Event: 9.837 GC heap after
{Heap after GC invocations=33 (full 0):
 garbage-first heap   total 193536K, used 94369K [0x0000000080000000, 0x0000000100000000)
  region size 1024K, 2 young (2048K), 2 survivors (2048K)
 Metaspace       used 62474K, committed 63104K, reserved 1105920K
  class space    used 8283K, committed 8512K, reserved 1048576K
}
Event: 10.028 GC heap before
{Heap before GC invocations=33 (full 0):
 garbage-first heap   total 193536K, used 101537K [0x0000000080000000, 0x0000000100000000)
  region size 1024K, 9 young (9216K), 2 survivors (2048K)
 Metaspace       used 64194K, committed 64832K, reserved 1105920K
  class space    used 8525K, committed 8768K, reserved 1048576K
}
Event: 10.031 GC heap after
{Heap after GC invocations=34 (full 0):
 garbage-first heap   total 193536K, used 94570K [0x0000000080000000, 0x0000000100000000)
  region size 1024K, 2 young (2048K), 2 survivors (2048K)
 Metaspace       used 64194K, committed 64832K, reserved 1105920K
  class space    used 8525K, committed 8768K, reserved 1048576K
}
Event: 10.719 GC heap before
{Heap before GC invocations=34 (full 0):
 garbage-first heap   total 193536K, used 149866K [0x0000000080000000, 0x0000000100000000)
  region size 1024K, 50 young (51200K), 2 survivors (2048K)
 Metaspace       used 68793K, committed 69440K, reserved 1114112K
  class space    used 9107K, committed 9408K, reserved 1048576K
}
Event: 10.724 GC heap after
{Heap after GC invocations=35 (full 0):
 garbage-first heap   total 193536K, used 99297K [0x0000000080000000, 0x0000000100000000)
  region size 1024K, 7 young (7168K), 7 survivors (7168K)
 Metaspace       used 68793K, committed 69440K, reserved 1114112K
  class space    used 9107K, committed 9408K, reserved 1048576K
}
Event: 11.559 GC heap before
{Heap before GC invocations=36 (full 0):
 garbage-first heap   total 193536K, used 149473K [0x0000000080000000, 0x0000000100000000)
  region size 1024K, 56 young (57344K), 7 survivors (7168K)
 Metaspace       used 73325K, committed 73984K, reserved 1114112K
  class space    used 9708K, committed 9984K, reserved 1048576K
}
Event: 11.565 GC heap after
{Heap after GC invocations=37 (full 0):
 garbage-first heap   total 193536K, used 103238K [0x0000000080000000, 0x0000000100000000)
  region size 1024K, 4 young (4096K), 4 survivors (4096K)
 Metaspace       used 73325K, committed 73984K, reserved 1114112K
  class space    used 9708K, committed 9984K, reserved 1048576K
}
Event: 11.594 GC heap before
{Heap before GC invocations=37 (full 0):
 garbage-first heap   total 193536K, used 108358K [0x0000000080000000, 0x0000000100000000)
  region size 1024K, 9 young (9216K), 4 survivors (4096K)
 Metaspace       used 73325K, committed 73984K, reserved 1114112K
  class space    used 9708K, committed 9984K, reserved 1048576K
}
Event: 11.599 GC heap after
{Heap after GC invocations=38 (full 0):
 garbage-first heap   total 193536K, used 103123K [0x0000000080000000, 0x0000000100000000)
  region size 1024K, 1 young (1024K), 1 survivors (1024K)
 Metaspace       used 73325K, committed 73984K, reserved 1114112K
  class space    used 9708K, committed 9984K, reserved 1048576K
}

Dll operation events (2 events):
Event: 0.011 Loaded shared library C:\Program Files\Android\Android Studio1\jbr\bin\java.dll
Event: 0.437 Loaded shared library C:\Program Files\Android\Android Studio1\jbr\bin\verify.dll

Deoptimization events (20 events):
Event: 11.635 Thread 0x000001beab8a90e0 DEOPT PACKING pc=0x000001be91ad3f4e sp=0x00000056f81f5030
Event: 11.635 Thread 0x000001beab8a90e0 DEOPT UNPACKING pc=0x000001be98797143 sp=0x00000056f81f4490 mode 0
Event: 11.647 Thread 0x000001beab8a90e0 Uncommon trap: trap_request=0xffffff45 fr.pc=0x000001be98e85d60 relative=0x0000000000001460
Event: 11.647 Thread 0x000001beab8a90e0 Uncommon trap: reason=unstable_if action=reinterpret pc=0x000001be98e85d60 method=java.util.WeakHashMap.matchesKey(Ljava/util/WeakHashMap$Entry;Ljava/lang/Object;)Z @ 5 c2
Event: 11.647 Thread 0x000001beab8a90e0 DEOPT PACKING pc=0x000001be98e85d60 sp=0x00000056f81f45d0
Event: 11.647 Thread 0x000001beab8a90e0 DEOPT UNPACKING pc=0x000001be987969a3 sp=0x00000056f81f4558 mode 2
Event: 11.682 Thread 0x000001beab8a90e0 Uncommon trap: trap_request=0xfffffff4 fr.pc=0x000001be990f16e8 relative=0x0000000000000a68
Event: 11.682 Thread 0x000001beab8a90e0 Uncommon trap: reason=null_check action=make_not_entrant pc=0x000001be990f16e8 method=com.sun.beans.introspect.MethodInfo$MethodOrder.compare(Ljava/lang/reflect/Method;Ljava/lang/reflect/Method;)I @ 145 c2
Event: 11.682 Thread 0x000001beab8a90e0 DEOPT PACKING pc=0x000001be990f16e8 sp=0x00000056f81f3110
Event: 11.682 Thread 0x000001beab8a90e0 DEOPT UNPACKING pc=0x000001be987969a3 sp=0x00000056f81f30b0 mode 2
Event: 11.732 Thread 0x000001beab8a90e0 Uncommon trap: trap_request=0xfffffff4 fr.pc=0x000001be98d54134 relative=0x00000000000006d4
Event: 11.732 Thread 0x000001beab8a90e0 Uncommon trap: reason=null_check action=make_not_entrant pc=0x000001be98d54134 method=org.gradle.util.internal.SimpleMapInterner.intern(Ljava/lang/Object;)Ljava/lang/Object; @ 2 c2
Event: 11.732 Thread 0x000001beab8a90e0 DEOPT PACKING pc=0x000001be98d54134 sp=0x00000056f81f6810
Event: 11.732 Thread 0x000001beab8a90e0 DEOPT UNPACKING pc=0x000001be987969a3 sp=0x00000056f81f67d8 mode 2
Event: 11.732 Thread 0x000001beab8a90e0 Uncommon trap: trap_request=0xffffff45 fr.pc=0x000001be98d3e940 relative=0x00000000000006e0
Event: 11.732 Thread 0x000001beab8a90e0 Uncommon trap: reason=unstable_if action=reinterpret pc=0x000001be98d3e940 method=org.gradle.util.internal.SimpleMapInterner.intern(Ljava/lang/String;)Ljava/lang/String; @ 1 c2
Event: 11.732 Thread 0x000001beab8a90e0 DEOPT PACKING pc=0x000001be98d3e940 sp=0x00000056f81f67a0
Event: 11.732 Thread 0x000001beab8a90e0 DEOPT UNPACKING pc=0x000001be987969a3 sp=0x00000056f81f6768 mode 2
Event: 11.997 Thread 0x000001beab8a90e0 DEOPT PACKING pc=0x000001be91d1b676 sp=0x00000056f81f7b80
Event: 11.997 Thread 0x000001beab8a90e0 DEOPT UNPACKING pc=0x000001be98797143 sp=0x00000056f81f7120 mode 0

Classes unloaded (0 events):
No events

Classes redefined (0 events):
No events

Internal exceptions (20 events):
Event: 11.723 Thread 0x000001beab8a90e0 Exception <a 'java/lang/ClassNotFoundException'{0x000000008a8fad50}: org/gradle/api/internal/file/collections/DefaultConfigurableFileTreeBeanInfo> (0x000000008a8fad50) 
thrown [s\src\hotspot\share\classfile\systemDictionary.cpp, line 256]
Event: 11.724 Thread 0x000001beab8a90e0 Exception <a 'java/lang/ClassNotFoundException'{0x000000008a710db8}: org/gradle/api/internal/file/CompositeFileTreeBeanInfo> (0x000000008a710db8) 
thrown [s\src\hotspot\share\classfile\systemDictionary.cpp, line 256]
Event: 11.725 Thread 0x000001beab8a90e0 Exception <a 'java/lang/ClassNotFoundException'{0x000000008a726d78}: org/gradle/api/internal/file/CompositeFileCollectionBeanInfo> (0x000000008a726d78) 
thrown [s\src\hotspot\share\classfile\systemDictionary.cpp, line 256]
Event: 11.726 Thread 0x000001beab8a90e0 Exception <a 'java/lang/ClassNotFoundException'{0x000000008a73cd38}: org/gradle/api/internal/file/AbstractFileCollectionBeanInfo> (0x000000008a73cd38) 
thrown [s\src\hotspot\share\classfile\systemDictionary.cpp, line 256]
Event: 11.727 Thread 0x000001beab8a90e0 Exception <a 'java/lang/ClassNotFoundException'{0x000000008a752cc8}: org/gradle/api/internal/file/AbstractFileCollectionCustomizer> (0x000000008a752cc8) 
thrown [s\src\hotspot\share\classfile\systemDictionary.cpp, line 256]
Event: 11.728 Thread 0x000001beab8a90e0 Exception <a 'java/lang/ClassNotFoundException'{0x000000008a77afd0}: org/gradle/api/internal/file/CompositeFileCollectionCustomizer> (0x000000008a77afd0) 
thrown [s\src\hotspot\share\classfile\systemDictionary.cpp, line 256]
Event: 11.729 Thread 0x000001beab8a90e0 Exception <a 'java/lang/ClassNotFoundException'{0x000000008a799a68}: org/gradle/api/internal/file/CompositeFileTreeCustomizer> (0x000000008a799a68) 
thrown [s\src\hotspot\share\classfile\systemDictionary.cpp, line 256]
Event: 11.730 Thread 0x000001beab8a90e0 Exception <a 'java/lang/ClassNotFoundException'{0x000000008a7bbba8}: org/gradle/api/internal/file/collections/DefaultConfigurableFileTreeCustomizer> (0x000000008a7bbba8) 
thrown [s\src\hotspot\share\classfile\systemDictionary.cpp, line 256]
Event: 11.732 Thread 0x000001beab8a90e0 Implicit null exception at 0x000001be98d53a8f to 0x000001be98d54124
Event: 11.732 Thread 0x000001beab8a90e0 Implicit null exception at 0x000001be98d3e294 to 0x000001be98d3e928
Event: 11.740 Thread 0x000001beab8a90e0 Exception <a 'java/lang/ClassNotFoundException'{0x000000008a65cd18}: com/android/build/gradle/internal/dsl/ApplicationBuildFeaturesImpl_DecoratedBeanInfo> (0x000000008a65cd18) 
thrown [s\src\hotspot\share\classfile\systemDictionary.cpp, line 256]
Event: 11.741 Thread 0x000001beab8a90e0 Exception <a 'java/lang/ClassNotFoundException'{0x000000008a669470}: com/android/build/gradle/internal/dsl/ApplicationBuildFeaturesImplBeanInfo> (0x000000008a669470) 
thrown [s\src\hotspot\share\classfile\systemDictionary.cpp, line 256]
Event: 11.741 Thread 0x000001beab8a90e0 Exception <a 'java/lang/ClassNotFoundException'{0x000000008a676268}: com/android/build/gradle/internal/dsl/BuildFeaturesImplBeanInfo> (0x000000008a676268) 
thrown [s\src\hotspot\share\classfile\systemDictionary.cpp, line 256]
Event: 11.741 Thread 0x000001beab8a90e0 Exception <a 'java/lang/ClassNotFoundException'{0x000000008a682d68}: com/android/build/gradle/internal/dsl/BuildFeaturesImplCustomizer> (0x000000008a682d68) 
thrown [s\src\hotspot\share\classfile\systemDictionary.cpp, line 256]
Event: 11.742 Thread 0x000001beab8a90e0 Exception <a 'java/lang/ClassNotFoundException'{0x000000008a69afc0}: com/android/build/gradle/internal/dsl/ApplicationBuildFeaturesImplCustomizer> (0x000000008a69afc0) 
thrown [s\src\hotspot\share\classfile\systemDictionary.cpp, line 256]
Event: 11.742 Thread 0x000001beab8a90e0 Exception <a 'java/lang/ClassNotFoundException'{0x000000008a6ad730}: com/android/build/gradle/internal/dsl/ApplicationBuildFeaturesImpl_DecoratedCustomizer> (0x000000008a6ad730) 
thrown [s\src\hotspot\share\classfile\systemDictionary.cpp, line 256]
Event: 11.748 Thread 0x000001beab8a90e0 Exception <a 'java/lang/ClassNotFoundException'{0x000000008a528790}: build_av68b7vvf0a5s7pgk7qcvxmtc$_run_closure3$_closure12BeanInfo> (0x000000008a528790) 
thrown [s\src\hotspot\share\classfile\systemDictionary.cpp, line 256]
Event: 11.749 Thread 0x000001beab8a90e0 Exception <a 'java/lang/ClassNotFoundException'{0x000000008a5334b8}: build_av68b7vvf0a5s7pgk7qcvxmtc$_run_closure3$_closure12Customizer> (0x000000008a5334b8) 
thrown [s\src\hotspot\share\classfile\systemDictionary.cpp, line 256]
Event: 11.750 Thread 0x000001beab8a90e0 Exception <a 'java/lang/ClassNotFoundException'{0x000000008a557130}: build_av68b7vvf0a5s7pgk7qcvxmtc$_run_closure3BeanInfo> (0x000000008a557130) 
thrown [s\src\hotspot\share\classfile\systemDictionary.cpp, line 256]
Event: 11.750 Thread 0x000001beab8a90e0 Exception <a 'java/lang/ClassNotFoundException'{0x000000008a561d90}: build_av68b7vvf0a5s7pgk7qcvxmtc$_run_closure3Customizer> (0x000000008a561d90) 
thrown [s\src\hotspot\share\classfile\systemDictionary.cpp, line 256]

VM Operations (20 events):
Event: 10.719 Executing VM operation: G1CollectForAllocation
Event: 10.724 Executing VM operation: G1CollectForAllocation done
Event: 10.777 Executing VM operation: G1Concurrent
Event: 10.781 Executing VM operation: G1Concurrent done
Event: 10.802 Executing VM operation: G1Concurrent
Event: 10.802 Executing VM operation: G1Concurrent done
Event: 10.955 Executing VM operation: HandshakeAllThreads
Event: 10.955 Executing VM operation: HandshakeAllThreads done
Event: 11.196 Executing VM operation: HandshakeAllThreads
Event: 11.196 Executing VM operation: HandshakeAllThreads done
Event: 11.558 Executing VM operation: G1CollectForAllocation
Event: 11.565 Executing VM operation: G1CollectForAllocation done
Event: 11.594 Executing VM operation: G1CollectForAllocation
Event: 11.599 Executing VM operation: G1CollectForAllocation done
Event: 11.689 Executing VM operation: HandshakeAllThreads
Event: 11.690 Executing VM operation: HandshakeAllThreads done
Event: 11.813 Executing VM operation: HandshakeAllThreads
Event: 11.813 Executing VM operation: HandshakeAllThreads done
Event: 12.064 Executing VM operation: HandshakeAllThreads
Event: 12.064 Executing VM operation: HandshakeAllThreads done

Events (20 events):
Event: 11.066 loading class java/time/format/DateTimeFormatterBuilder$WeekBasedFieldPrinterParser done
Event: 11.081 loading class com/sun/jmx/mbeanserver/StandardMBeanSupport
Event: 11.082 loading class com/sun/jmx/mbeanserver/StandardMBeanSupport done
Event: 11.082 loading class com/sun/jmx/mbeanserver/StandardMBeanIntrospector
Event: 11.082 loading class com/sun/jmx/mbeanserver/StandardMBeanIntrospector done
Event: 11.618 loading class java/beans/IntrospectionException
Event: 11.618 loading class java/beans/IntrospectionException done
Event: 11.690 Thread 0x000001bea84df490 flushing nmethod 0x000001be98d3c910
Event: 11.701 loading class java/lang/EnumBeanInfo
Event: 11.701 loading class java/lang/EnumBeanInfo done
Event: 11.702 loading class java/lang/EnumBeanInfo
Event: 11.702 loading class java/lang/EnumBeanInfo done
Event: 11.702 loading class java/lang/EnumCustomizer
Event: 11.702 loading class java/lang/EnumCustomizer done
Event: 11.702 loading class java/lang/EnumCustomizer
Event: 11.702 loading class java/lang/EnumCustomizer done
Event: 12.054 loading class java/util/concurrent/LinkedBlockingDeque$Itr
Event: 12.055 loading class java/util/concurrent/LinkedBlockingDeque$AbstractItr
Event: 12.055 loading class java/util/concurrent/LinkedBlockingDeque$AbstractItr done
Event: 12.055 loading class java/util/concurrent/LinkedBlockingDeque$Itr done


Dynamic libraries:
0x00007ff6c3010000 - 0x00007ff6c301a000 	C:\Program Files\Android\Android Studio1\jbr\bin\java.exe
0x00007ff991710000 - 0x00007ff991908000 	C:\WINDOWS\SYSTEM32\ntdll.dll
0x00007ff990920000 - 0x00007ff9909dd000 	C:\WINDOWS\System32\KERNEL32.DLL
0x00007ff98ef40000 - 0x00007ff98f236000 	C:\WINDOWS\System32\KERNELBASE.dll
0x00007ff98f620000 - 0x00007ff98f720000 	C:\WINDOWS\System32\ucrtbase.dll
0x00007ff96f470000 - 0x00007ff96f487000 	C:\Program Files\Android\Android Studio1\jbr\bin\jli.dll
0x00007ff9906d0000 - 0x00007ff99086e000 	C:\WINDOWS\System32\USER32.dll
0x00007ff98edf0000 - 0x00007ff98ee12000 	C:\WINDOWS\System32\win32u.dll
0x00007ff991640000 - 0x00007ff99166c000 	C:\WINDOWS\System32\GDI32.dll
0x00007ff98ee20000 - 0x00007ff98ef3a000 	C:\WINDOWS\System32\gdi32full.dll
0x00007ff98f240000 - 0x00007ff98f2dd000 	C:\WINDOWS\System32\msvcp_win.dll
0x00007ff96df60000 - 0x00007ff96df7b000 	C:\Program Files\Android\Android Studio1\jbr\bin\VCRUNTIME140.dll
0x00007ff97d7d0000 - 0x00007ff97da6a000 	C:\WINDOWS\WinSxS\amd64_microsoft.windows.common-controls_6595b64144ccf1df_6.0.19041.1110_none_60b5254171f9507e\COMCTL32.dll
0x00007ff98f9c0000 - 0x00007ff98fa5e000 	C:\WINDOWS\System32\msvcrt.dll
0x00007ff9906a0000 - 0x00007ff9906d0000 	C:\WINDOWS\System32\IMM32.DLL
0x00007ff971810000 - 0x00007ff971910000 	C:\Program Files (x86)\SentryBay\EntryProtect\epclient64.dll
0x00007ff98f2e0000 - 0x00007ff98f307000 	C:\WINDOWS\System32\bcrypt.dll
0x00007ff98f7e0000 - 0x00007ff98f88e000 	C:\WINDOWS\System32\ADVAPI32.dll
0x00007ff990c40000 - 0x00007ff990cdc000 	C:\WINDOWS\System32\sechost.dll
0x00007ff9903b0000 - 0x00007ff9904d6000 	C:\WINDOWS\System32\RPCRT4.dll
0x00007ff98def0000 - 0x00007ff98df23000 	C:\WINDOWS\SYSTEM32\ntmarta.dll
0x000001be8d480000 - 0x000001be8d502000 	C:\WINDOWS\System32\bcryptprimitives.dll
0x00007ff978cb0000 - 0x00007ff978cbc000 	C:\Program Files\Android\Android Studio1\jbr\bin\vcruntime140_1.dll
0x00007ff95cf70000 - 0x00007ff95cffd000 	C:\Program Files\Android\Android Studio1\jbr\bin\msvcp140.dll
0x00007ff92f200000 - 0x00007ff92fe6e000 	C:\Program Files\Android\Android Studio1\jbr\bin\server\jvm.dll
0x00007ff98ce20000 - 0x00007ff98ce29000 	C:\WINDOWS\SYSTEM32\WSOCK32.dll
0x00007ff98f770000 - 0x00007ff98f7db000 	C:\WINDOWS\System32\WS2_32.dll
0x00007ff98c970000 - 0x00007ff98c997000 	C:\WINDOWS\SYSTEM32\WINMM.dll
0x00007ff984d70000 - 0x00007ff984d7a000 	C:\WINDOWS\SYSTEM32\VERSION.dll
0x00007ff98d610000 - 0x00007ff98d622000 	C:\WINDOWS\SYSTEM32\kernel.appcore.dll
0x00007ff98cc30000 - 0x00007ff98cc3a000 	C:\Program Files\Android\Android Studio1\jbr\bin\jimage.dll
0x00007ff98c780000 - 0x00007ff98c964000 	C:\WINDOWS\SYSTEM32\DBGHELP.DLL
0x00007ff98c6f0000 - 0x00007ff98c724000 	C:\WINDOWS\SYSTEM32\dbgcore.DLL
0x00007ff9708c0000 - 0x00007ff9708e5000 	C:\Program Files\Android\Android Studio1\jbr\bin\java.dll
0x00007ff978e10000 - 0x00007ff978e28000 	C:\Program Files\Android\Android Studio1\jbr\bin\zip.dll
0x00007ff98fb90000 - 0x00007ff9902d5000 	C:\WINDOWS\System32\SHELL32.dll
0x00007ff98ce60000 - 0x00007ff98d5fb000 	C:\WINDOWS\SYSTEM32\windows.storage.dll
0x00007ff990df0000 - 0x00007ff991144000 	C:\WINDOWS\System32\combase.dll
0x00007ff98e7c0000 - 0x00007ff98e7ee000 	C:\WINDOWS\SYSTEM32\Wldp.dll
0x00007ff990b90000 - 0x00007ff990c3d000 	C:\WINDOWS\System32\SHCORE.dll
0x000001bea8800000 - 0x000001bea8855000 	C:\WINDOWS\System32\shlwapi.dll
0x00007ff98ed20000 - 0x00007ff98ed45000 	C:\WINDOWS\SYSTEM32\profapi.dll
0x00007ff978d80000 - 0x00007ff978d99000 	C:\Program Files\Android\Android Studio1\jbr\bin\net.dll
0x00007ff9888b0000 - 0x00007ff9889ba000 	C:\WINDOWS\SYSTEM32\WINHTTP.dll
0x00007ff98e4c0000 - 0x00007ff98e52a000 	C:\WINDOWS\system32\mswsock.dll
0x00007ff96f490000 - 0x00007ff96f4a6000 	C:\Program Files\Android\Android Studio1\jbr\bin\nio.dll
0x00007ff98bf20000 - 0x00007ff98bf30000 	C:\Program Files\Android\Android Studio1\jbr\bin\verify.dll
0x00007ff96df80000 - 0x00007ff96dfa7000 	C:\Users\motb1\.gradle\native\68d5fa5c4cc2d200863cafc0d521ce42e7d3e7ee720ec0a83991735586a16f82\windows-amd64\native-platform.dll
0x00007ff94ed50000 - 0x00007ff94ee94000 	C:\Users\motb1\.gradle\native\e376f236ea51e6404a007f0833ffe2c6e607c4080706a723a18a27aeea778392\windows-amd64\native-platform-file-events.dll
0x00007ff9803b0000 - 0x00007ff9803b9000 	C:\Program Files\Android\Android Studio1\jbr\bin\management.dll
0x00007ff97d440000 - 0x00007ff97d44b000 	C:\Program Files\Android\Android Studio1\jbr\bin\management_ext.dll
0x00007ff990690000 - 0x00007ff990698000 	C:\WINDOWS\System32\PSAPI.DLL
0x00007ff98e710000 - 0x00007ff98e728000 	C:\WINDOWS\SYSTEM32\CRYPTSP.dll
0x00007ff98ddd0000 - 0x00007ff98de04000 	C:\WINDOWS\system32\rsaenh.dll
0x00007ff98ece0000 - 0x00007ff98ed0e000 	C:\WINDOWS\SYSTEM32\USERENV.dll
0x00007ff98e730000 - 0x00007ff98e73c000 	C:\WINDOWS\SYSTEM32\CRYPTBASE.dll
0x00007ff98e1b0000 - 0x00007ff98e1eb000 	C:\WINDOWS\SYSTEM32\IPHLPAPI.DLL
0x00007ff98f890000 - 0x00007ff98f898000 	C:\WINDOWS\System32\NSI.dll
0x00007ff984c60000 - 0x00007ff984c77000 	C:\WINDOWS\SYSTEM32\dhcpcsvc6.DLL
0x00007ff984ca0000 - 0x00007ff984cbd000 	C:\WINDOWS\SYSTEM32\dhcpcsvc.DLL
0x00007ff98e1f0000 - 0x00007ff98e2ba000 	C:\WINDOWS\SYSTEM32\DNSAPI.dll
0x00007ff958510000 - 0x00007ff958517000 	C:\WINDOWS\system32\wshunix.dll

dbghelp: loaded successfully - version: 4.0.5 - missing functions: none
symbol engine: initialized successfully - sym options: 0x614 - pdb path: .;C:\Program Files\Android\Android Studio1\jbr\bin;C:\WINDOWS\SYSTEM32;C:\WINDOWS\WinSxS\amd64_microsoft.windows.common-controls_6595b64144ccf1df_6.0.19041.1110_none_60b5254171f9507e;C:\Program Files (x86)\SentryBay\EntryProtect;C:\Program Files\Android\Android Studio1\jbr\bin\server;C:\Users\motb1\.gradle\native\68d5fa5c4cc2d200863cafc0d521ce42e7d3e7ee720ec0a83991735586a16f82\windows-amd64;C:\Users\motb1\.gradle\native\e376f236ea51e6404a007f0833ffe2c6e607c4080706a723a18a27aeea778392\windows-amd64

VM Arguments:
jvm_args: --add-opens=java.base/java.util=ALL-UNNAMED --add-opens=java.base/java.lang=ALL-UNNAMED --add-opens=java.base/java.lang.invoke=ALL-UNNAMED --add-opens=java.prefs/java.util.prefs=ALL-UNNAMED --add-opens=java.base/java.nio.charset=ALL-UNNAMED --add-opens=java.base/java.net=ALL-UNNAMED --add-opens=java.base/java.util.concurrent.atomic=ALL-UNNAMED -Xmx2048m -Dfile.encoding=windows-1252 -Duser.country=US -Duser.language=en -Duser.variant 
java_command: org.gradle.launcher.daemon.bootstrap.GradleDaemon 8.0
java_class_path (initial): C:\Users\motb1\.gradle\wrapper\dists\gradle-8.0-bin\ca5e32bp14vu59qr306oxotwh\gradle-8.0\lib\gradle-launcher-8.0.jar
Launcher Type: SUN_STANDARD

[Global flags]
     intx CICompilerCount                          = 4                                         {product} {ergonomic}
     uint ConcGCThreads                            = 2                                         {product} {ergonomic}
     uint G1ConcRefinementThreads                  = 8                                         {product} {ergonomic}
   size_t G1HeapRegionSize                         = 1048576                                   {product} {ergonomic}
    uintx GCDrainStackTargetSize                   = 64                                        {product} {ergonomic}
   size_t InitialHeapSize                          = 234881024                                 {product} {ergonomic}
   size_t MarkStackSize                            = 4194304                                   {product} {ergonomic}
   size_t MaxHeapSize                              = 2147483648                                {product} {command line}
   size_t MaxNewSize                               = 1287651328                                {product} {ergonomic}
   size_t MinHeapDeltaBytes                        = 1048576                                   {product} {ergonomic}
   size_t MinHeapSize                              = 8388608                                   {product} {ergonomic}
    uintx NonNMethodCodeHeapSize                   = 5839372                                {pd product} {ergonomic}
    uintx NonProfiledCodeHeapSize                  = 122909434                              {pd product} {ergonomic}
    uintx ProfiledCodeHeapSize                     = 122909434                              {pd product} {ergonomic}
    uintx ReservedCodeCacheSize                    = 251658240                              {pd product} {ergonomic}
     bool SegmentedCodeCache                       = true                                      {product} {ergonomic}
   size_t SoftMaxHeapSize                          = 2147483648                             {manageable} {ergonomic}
     bool UseCompressedClassPointers               = true                           {product lp64_product} {ergonomic}
     bool UseCompressedOops                        = true                           {product lp64_product} {ergonomic}
     bool UseG1GC                                  = true                                      {product} {ergonomic}
     bool UseLargePagesIndividualAllocation        = false                                  {pd product} {ergonomic}

Logging:
Log output configuration:
 #0: stdout all=warning uptime,level,tags
 #1: stderr all=off uptime,level,tags

Environment Variables:
PATH=C:\WINDOWS\system32;C:\WINDOWS;C:\WINDOWS\System32\Wbem;C:\WINDOWS\System32\WindowsPowerShell\v1.0\;C:\WINDOWS\System32\OpenSSH\;C:\Program Files\dotnet\;C:\Program Files (x86)\IncrediBuild;C:\Program Files\TortoiseGit\bin;C:\Program Files\Git\cmd;C:\Program Files\Java\jdk-12.0.2\bin\;C:\Users\motb1\AppData\Local\Microsoft\WindowsApps;C:\Users\motb1\AppData\Local\GitHubDesktop\bin;%USERPROFILE%\AppData\Local\Microsoft\WindowsApps;
USERNAME=motb1
OS=Windows_NT
PROCESSOR_IDENTIFIER=AMD64 Family 23 Model 24 Stepping 1, AuthenticAMD
TMP=C:\Users\motb1\AppData\Local\Temp
TEMP=C:\Users\motb1\AppData\Local\Temp


JNI global refs:
JNI global refs: 26, weak refs: 3

JNI global refs memory usage: 843, weak refs: 841


---------------  S Y S T E M  ---------------

OS:
 Windows 10 , 64 bit Build 19041 (10.0.19041.3393)
OS uptime: 49 days 0:59 hours

CPU: total 8 (initial active 8) (8 cores per cpu, 2 threads per core) family 23 model 24 stepping 1 microcode 0x0, cx8, cmov, fxsr, ht, mmx, 3dnowpref, sse, sse2, sse3, ssse3, sse4a, sse4.1, sse4.2, popcnt, lzcnt, tsc, tscinvbit, avx, avx2, aes, clmul, bmi1, bmi2, adx, sha, fma, vzeroupper, clflush, clflushopt

Memory: 4k page, system-wide physical 14222M (3874M free)
TotalPageFile size 57230M (AvailPageFile size 5M)
current process WorkingSet (physical memory assigned to process): 414M, peak: 415M
current process commit charge ("private bytes"): 462M, peak: 462M

vm_info: OpenJDK 64-Bit Server VM (17.0.6+0-b2043.56-10027231) for windows-amd64 JRE (17.0.6+0-b2043.56-10027231), built on Apr 28 2023 00:43:19 by "androidbuild" with MS VC++ 16.10 / 16.11 (VS2019)

END.
